

Started GET "/" for ::1 at 2016-11-12 06:28:25 +0000

Gem::LoadError (Specified 'sqlite3' for database adapter, but the gem is not loaded. Add `gem 'sqlite3'` to your Gemfile (and ensure its version is at the minimum required by ActiveRecord).):
  activerecord (4.2.5) lib/active_record/connection_adapters/connection_specification.rb:177:in `rescue in spec'
  activerecord (4.2.5) lib/active_record/connection_adapters/connection_specification.rb:174:in `spec'
  activerecord (4.2.5) lib/active_record/connection_handling.rb:50:in `establish_connection'
  activerecord (4.2.5) lib/active_record/railtie.rb:120:in `block (2 levels) in <class:Railtie>'
  activesupport (4.2.5) lib/active_support/lazy_load_hooks.rb:38:in `instance_eval'
  activesupport (4.2.5) lib/active_support/lazy_load_hooks.rb:38:in `execute_hook'
  activesupport (4.2.5) lib/active_support/lazy_load_hooks.rb:45:in `block in run_load_hooks'
  activesupport (4.2.5) lib/active_support/lazy_load_hooks.rb:44:in `each'
  activesupport (4.2.5) lib/active_support/lazy_load_hooks.rb:44:in `run_load_hooks'
  activerecord (4.2.5) lib/active_record/base.rb:315:in `<module:ActiveRecord>'
  activerecord (4.2.5) lib/active_record/base.rb:26:in `<top (required)>'
  activerecord (4.2.5) lib/active_record/migration.rb:383:in `connection'
  activerecord (4.2.5) lib/active_record/migration.rb:370:in `call'
  actionpack (4.2.5) lib/action_dispatch/middleware/callbacks.rb:29:in `block in call'
  activesupport (4.2.5) lib/active_support/callbacks.rb:88:in `__run_callbacks__'
  activesupport (4.2.5) lib/active_support/callbacks.rb:778:in `_run_call_callbacks'
  activesupport (4.2.5) lib/active_support/callbacks.rb:81:in `run_callbacks'
  actionpack (4.2.5) lib/action_dispatch/middleware/callbacks.rb:27:in `call'
  actionpack (4.2.5) lib/action_dispatch/middleware/reloader.rb:73:in `call'
  actionpack (4.2.5) lib/action_dispatch/middleware/remote_ip.rb:78:in `call'
  actionpack (4.2.5) lib/action_dispatch/middleware/debug_exceptions.rb:17:in `call'
  actionpack (4.2.5) lib/action_dispatch/middleware/show_exceptions.rb:30:in `call'
  railties (4.2.5) lib/rails/rack/logger.rb:38:in `call_app'
  railties (4.2.5) lib/rails/rack/logger.rb:20:in `block in call'
  activesupport (4.2.5) lib/active_support/tagged_logging.rb:68:in `block in tagged'
  activesupport (4.2.5) lib/active_support/tagged_logging.rb:26:in `tagged'
  activesupport (4.2.5) lib/active_support/tagged_logging.rb:68:in `tagged'
  railties (4.2.5) lib/rails/rack/logger.rb:20:in `call'
  actionpack (4.2.5) lib/action_dispatch/middleware/request_id.rb:21:in `call'
  rack (1.6.5) lib/rack/runtime.rb:18:in `call'
  activesupport (4.2.5) lib/active_support/cache/strategy/local_cache_middleware.rb:28:in `call'
  rack (1.6.5) lib/rack/lock.rb:17:in `call'
  actionpack (4.2.5) lib/action_dispatch/middleware/static.rb:116:in `call'
  railties (4.2.5) lib/rails/engine.rb:518:in `call'
  railties (4.2.5) lib/rails/application.rb:165:in `call'
  rack (1.6.5) lib/rack/lock.rb:17:in `call'
  rack (1.6.5) lib/rack/content_length.rb:15:in `call'
  rack (1.6.5) lib/rack/handler/webrick.rb:88:in `service'
  /usr/lib/ruby/2.0.0/webrick/httpserver.rb:138:in `service'
  /usr/lib/ruby/2.0.0/webrick/httpserver.rb:94:in `run'
  /usr/lib/ruby/2.0.0/webrick/server.rb:295:in `block in start_thread'


  Rendered /var/lib/gems/2.0.0/gems/actionpack-4.2.5/lib/action_dispatch/middleware/templates/rescues/_source.erb (3.2ms)
  Rendered /var/lib/gems/2.0.0/gems/actionpack-4.2.5/lib/action_dispatch/middleware/templates/rescues/_trace.html.erb (2.3ms)
  Rendered /var/lib/gems/2.0.0/gems/actionpack-4.2.5/lib/action_dispatch/middleware/templates/rescues/_request_and_response.html.erb (0.9ms)
  Rendered /var/lib/gems/2.0.0/gems/actionpack-4.2.5/lib/action_dispatch/middleware/templates/rescues/diagnostics.html.erb within rescues/layout (22.7ms)


Started GET "/" for ::1 at 2016-11-12 06:28:31 +0000

Gem::LoadError (Specified 'sqlite3' for database adapter, but the gem is not loaded. Add `gem 'sqlite3'` to your Gemfile (and ensure its version is at the minimum required by ActiveRecord).):
  activerecord (4.2.5) lib/active_record/connection_adapters/connection_specification.rb:177:in `rescue in spec'
  activerecord (4.2.5) lib/active_record/connection_adapters/connection_specification.rb:174:in `spec'
  activerecord (4.2.5) lib/active_record/connection_handling.rb:50:in `establish_connection'
  activerecord (4.2.5) lib/active_record/railtie.rb:120:in `block (2 levels) in <class:Railtie>'
  activesupport (4.2.5) lib/active_support/lazy_load_hooks.rb:38:in `instance_eval'
  activesupport (4.2.5) lib/active_support/lazy_load_hooks.rb:38:in `execute_hook'
  activesupport (4.2.5) lib/active_support/lazy_load_hooks.rb:45:in `block in run_load_hooks'
  activesupport (4.2.5) lib/active_support/lazy_load_hooks.rb:44:in `each'
  activesupport (4.2.5) lib/active_support/lazy_load_hooks.rb:44:in `run_load_hooks'
  activerecord (4.2.5) lib/active_record/base.rb:315:in `<module:ActiveRecord>'
  activerecord (4.2.5) lib/active_record/base.rb:26:in `<top (required)>'
  activerecord (4.2.5) lib/active_record/migration.rb:383:in `connection'
  activerecord (4.2.5) lib/active_record/migration.rb:370:in `call'
  actionpack (4.2.5) lib/action_dispatch/middleware/callbacks.rb:29:in `block in call'
  activesupport (4.2.5) lib/active_support/callbacks.rb:88:in `__run_callbacks__'
  activesupport (4.2.5) lib/active_support/callbacks.rb:778:in `_run_call_callbacks'
  activesupport (4.2.5) lib/active_support/callbacks.rb:81:in `run_callbacks'
  actionpack (4.2.5) lib/action_dispatch/middleware/callbacks.rb:27:in `call'
  actionpack (4.2.5) lib/action_dispatch/middleware/reloader.rb:73:in `call'
  actionpack (4.2.5) lib/action_dispatch/middleware/remote_ip.rb:78:in `call'
  actionpack (4.2.5) lib/action_dispatch/middleware/debug_exceptions.rb:17:in `call'
  actionpack (4.2.5) lib/action_dispatch/middleware/show_exceptions.rb:30:in `call'
  railties (4.2.5) lib/rails/rack/logger.rb:38:in `call_app'
  railties (4.2.5) lib/rails/rack/logger.rb:20:in `block in call'
  activesupport (4.2.5) lib/active_support/tagged_logging.rb:68:in `block in tagged'
  activesupport (4.2.5) lib/active_support/tagged_logging.rb:26:in `tagged'
  activesupport (4.2.5) lib/active_support/tagged_logging.rb:68:in `tagged'
  railties (4.2.5) lib/rails/rack/logger.rb:20:in `call'
  actionpack (4.2.5) lib/action_dispatch/middleware/request_id.rb:21:in `call'
  rack (1.6.5) lib/rack/runtime.rb:18:in `call'
  activesupport (4.2.5) lib/active_support/cache/strategy/local_cache_middleware.rb:28:in `call'
  rack (1.6.5) lib/rack/lock.rb:17:in `call'
  actionpack (4.2.5) lib/action_dispatch/middleware/static.rb:116:in `call'
  railties (4.2.5) lib/rails/engine.rb:518:in `call'
  railties (4.2.5) lib/rails/application.rb:165:in `call'
  rack (1.6.5) lib/rack/lock.rb:17:in `call'
  rack (1.6.5) lib/rack/content_length.rb:15:in `call'
  rack (1.6.5) lib/rack/handler/webrick.rb:88:in `service'
  /usr/lib/ruby/2.0.0/webrick/httpserver.rb:138:in `service'
  /usr/lib/ruby/2.0.0/webrick/httpserver.rb:94:in `run'
  /usr/lib/ruby/2.0.0/webrick/server.rb:295:in `block in start_thread'


  Rendered /var/lib/gems/2.0.0/gems/actionpack-4.2.5/lib/action_dispatch/middleware/templates/rescues/_source.erb (2.8ms)
  Rendered /var/lib/gems/2.0.0/gems/actionpack-4.2.5/lib/action_dispatch/middleware/templates/rescues/_trace.html.erb (1.5ms)
  Rendered /var/lib/gems/2.0.0/gems/actionpack-4.2.5/lib/action_dispatch/middleware/templates/rescues/_request_and_response.html.erb (0.9ms)
  Rendered /var/lib/gems/2.0.0/gems/actionpack-4.2.5/lib/action_dispatch/middleware/templates/rescues/diagnostics.html.erb within rescues/layout (16.9ms)


Started GET "/" for 192.168.5.1 at 2016-11-12 06:29:17 +0000

Gem::LoadError (Specified 'sqlite3' for database adapter, but the gem is not loaded. Add `gem 'sqlite3'` to your Gemfile (and ensure its version is at the minimum required by ActiveRecord).):
  activerecord (4.2.5) lib/active_record/connection_adapters/connection_specification.rb:177:in `rescue in spec'
  activerecord (4.2.5) lib/active_record/connection_adapters/connection_specification.rb:174:in `spec'
  activerecord (4.2.5) lib/active_record/connection_handling.rb:50:in `establish_connection'
  activerecord (4.2.5) lib/active_record/railtie.rb:120:in `block (2 levels) in <class:Railtie>'
  activesupport (4.2.5) lib/active_support/lazy_load_hooks.rb:38:in `instance_eval'
  activesupport (4.2.5) lib/active_support/lazy_load_hooks.rb:38:in `execute_hook'
  activesupport (4.2.5) lib/active_support/lazy_load_hooks.rb:45:in `block in run_load_hooks'
  activesupport (4.2.5) lib/active_support/lazy_load_hooks.rb:44:in `each'
  activesupport (4.2.5) lib/active_support/lazy_load_hooks.rb:44:in `run_load_hooks'
  activerecord (4.2.5) lib/active_record/base.rb:315:in `<module:ActiveRecord>'
  activerecord (4.2.5) lib/active_record/base.rb:26:in `<top (required)>'
  activerecord (4.2.5) lib/active_record/migration.rb:383:in `connection'
  activerecord (4.2.5) lib/active_record/migration.rb:370:in `call'
  actionpack (4.2.5) lib/action_dispatch/middleware/callbacks.rb:29:in `block in call'
  activesupport (4.2.5) lib/active_support/callbacks.rb:88:in `__run_callbacks__'
  activesupport (4.2.5) lib/active_support/callbacks.rb:778:in `_run_call_callbacks'
  activesupport (4.2.5) lib/active_support/callbacks.rb:81:in `run_callbacks'
  actionpack (4.2.5) lib/action_dispatch/middleware/callbacks.rb:27:in `call'
  actionpack (4.2.5) lib/action_dispatch/middleware/reloader.rb:73:in `call'
  actionpack (4.2.5) lib/action_dispatch/middleware/remote_ip.rb:78:in `call'
  actionpack (4.2.5) lib/action_dispatch/middleware/debug_exceptions.rb:17:in `call'
  actionpack (4.2.5) lib/action_dispatch/middleware/show_exceptions.rb:30:in `call'
  railties (4.2.5) lib/rails/rack/logger.rb:38:in `call_app'
  railties (4.2.5) lib/rails/rack/logger.rb:20:in `block in call'
  activesupport (4.2.5) lib/active_support/tagged_logging.rb:68:in `block in tagged'
  activesupport (4.2.5) lib/active_support/tagged_logging.rb:26:in `tagged'
  activesupport (4.2.5) lib/active_support/tagged_logging.rb:68:in `tagged'
  railties (4.2.5) lib/rails/rack/logger.rb:20:in `call'
  actionpack (4.2.5) lib/action_dispatch/middleware/request_id.rb:21:in `call'
  rack (1.6.5) lib/rack/runtime.rb:18:in `call'
  activesupport (4.2.5) lib/active_support/cache/strategy/local_cache_middleware.rb:28:in `call'
  rack (1.6.5) lib/rack/lock.rb:17:in `call'
  actionpack (4.2.5) lib/action_dispatch/middleware/static.rb:116:in `call'
  railties (4.2.5) lib/rails/engine.rb:518:in `call'
  railties (4.2.5) lib/rails/application.rb:165:in `call'
  rack (1.6.5) lib/rack/lock.rb:17:in `call'
  rack (1.6.5) lib/rack/content_length.rb:15:in `call'
  rack (1.6.5) lib/rack/handler/webrick.rb:88:in `service'
  /usr/lib/ruby/2.0.0/webrick/httpserver.rb:138:in `service'
  /usr/lib/ruby/2.0.0/webrick/httpserver.rb:94:in `run'
  /usr/lib/ruby/2.0.0/webrick/server.rb:295:in `block in start_thread'


  Rendered /var/lib/gems/2.0.0/gems/actionpack-4.2.5/lib/action_dispatch/middleware/templates/rescues/_source.erb (3.2ms)
  Rendered /var/lib/gems/2.0.0/gems/actionpack-4.2.5/lib/action_dispatch/middleware/templates/rescues/_trace.html.erb (4.2ms)
  Rendered /var/lib/gems/2.0.0/gems/actionpack-4.2.5/lib/action_dispatch/middleware/templates/rescues/_request_and_response.html.erb (1.4ms)
  Rendered /var/lib/gems/2.0.0/gems/actionpack-4.2.5/lib/action_dispatch/middleware/templates/rescues/diagnostics.html.erb within rescues/layout (23.4ms)
  [1m[36m (191.3ms)[0m  [1mCREATE TABLE `schema_migrations` (`version` varchar(255) NOT NULL) ENGINE=InnoDB[0m
  [1m[35m (427.4ms)[0m  CREATE UNIQUE INDEX `unique_schema_migrations`  ON `schema_migrations` (`version`) 
  [1m[36mActiveRecord::SchemaMigration Load (0.3ms)[0m  [1mSELECT `schema_migrations`.* FROM `schema_migrations`[0m
  [1m[36mActiveRecord::SchemaMigration Load (0.2ms)[0m  [1mSELECT `schema_migrations`.* FROM `schema_migrations`[0m
Migrating to Book (20161112063839)
  [1m[36mActiveRecord::SchemaMigration Load (0.3ms)[0m  [1mSELECT `schema_migrations`.* FROM `schema_migrations`[0m
Migrating to Book (20161112063839)
DEPRECATION WARNING: `#timestamps` was called without specifying an option for `null`. In Rails 5, this behavior will change to `null: false`. You should manually specify `null: true` to prevent the behavior of your existing migrations from changing. (called from block in change at /home/vagrant/code/otcarp-lms/db/migrate/20161112063839_book.rb:14)
  [1m[35m (32.0ms)[0m  CREATE TABLE `books` (`id` int(11) auto_increment PRIMARY KEY, `author` varchar(255), `name` text, `isbn13` varchar(17), `isbn10` varchar(13), `cover_type` varchar(255), `language` varchar(255), `publisher` varchar(255), `published_year` datetime, `genre` varchar(255), `category` varchar(255), `created_at` datetime, `updated_at` datetime) ENGINE=InnoDB
  [1m[36m (0.2ms)[0m  [1mBEGIN[0m
  [1m[35mSQL (0.2ms)[0m  INSERT INTO `schema_migrations` (`version`) VALUES ('20161112063839')
  [1m[36m (0.7ms)[0m  [1mCOMMIT[0m
  [1m[35mActiveRecord::SchemaMigration Load (0.7ms)[0m  SELECT `schema_migrations`.* FROM `schema_migrations`
  [1m[36m (0.2ms)[0m  [1mSELECT fk.referenced_table_name as 'to_table'
      ,fk.referenced_column_name as 'primary_key'
      ,fk.column_name as 'column'
      ,fk.constraint_name as 'name'
FROM information_schema.key_column_usage fk
WHERE fk.referenced_column_name is not null
  AND fk.table_schema = 'dev_otcarp_db'
  AND fk.table_name = 'books'
[0m
  [1m[35m (0.1ms)[0m  SHOW CREATE TABLE `books`
  [1m[36m (1.9ms)[0m  [1mDROP DATABASE IF EXISTS `dev_otcarp_db`[0m
  [1m[35m (0.3ms)[0m  DROP DATABASE IF EXISTS `test_otcarp_db`
  [1m[36m (1.2ms)[0m  [1mCREATE DATABASE `dev_otcarp_db` DEFAULT CHARACTER SET `utf8` COLLATE `utf8_unicode_ci`[0m
  [1m[35m (0.2ms)[0m  CREATE DATABASE `test_otcarp_db` DEFAULT CHARACTER SET `utf8` COLLATE `utf8_unicode_ci`
  [1m[36m (19.7ms)[0m  [1mCREATE TABLE `books` (`id` int(11) auto_increment PRIMARY KEY, `author` varchar(255), `name` text, `isbn13` varchar(17), `isbn10` varchar(13), `cover_type` varchar(255), `language` varchar(255), `publisher` varchar(255), `published_year` datetime, `genre` varchar(255), `category` varchar(255), `created_at` datetime, `updated_at` datetime) ENGINE=InnoDB[0m
  [1m[35m (3.0ms)[0m  CREATE TABLE `schema_migrations` (`version` varchar(255) NOT NULL) ENGINE=InnoDB
  [1m[36m (34.2ms)[0m  [1mCREATE UNIQUE INDEX `unique_schema_migrations`  ON `schema_migrations` (`version`) [0m
  [1m[35m (0.2ms)[0m  SELECT version FROM `schema_migrations`
  [1m[36m (0.7ms)[0m  [1mINSERT INTO `schema_migrations` (version) VALUES ('20161112063839')[0m
  [1m[35m (3.2ms)[0m  CREATE TABLE `books` (`id` int(11) auto_increment PRIMARY KEY, `author` varchar(255), `name` text, `isbn13` varchar(17), `isbn10` varchar(13), `cover_type` varchar(255), `language` varchar(255), `publisher` varchar(255), `published_year` datetime, `genre` varchar(255), `category` varchar(255), `created_at` datetime, `updated_at` datetime) ENGINE=InnoDB
  [1m[36m (13.3ms)[0m  [1mCREATE TABLE `schema_migrations` (`version` varchar(255) NOT NULL) ENGINE=InnoDB[0m
  [1m[35m (20.4ms)[0m  CREATE UNIQUE INDEX `unique_schema_migrations`  ON `schema_migrations` (`version`) 
  [1m[36m (0.5ms)[0m  [1mSELECT version FROM `schema_migrations`[0m
  [1m[35m (0.3ms)[0m  INSERT INTO `schema_migrations` (version) VALUES ('20161112063839')
  [1m[36mActiveRecord::SchemaMigration Load (0.4ms)[0m  [1mSELECT `schema_migrations`.* FROM `schema_migrations`[0m
  [1m[36mActiveRecord::SchemaMigration Load (0.4ms)[0m  [1mSELECT `schema_migrations`.* FROM `schema_migrations`[0m
  [1m[35mActiveRecord::SchemaMigration Load (0.2ms)[0m  SELECT `schema_migrations`.* FROM `schema_migrations`
  [1m[36m (0.2ms)[0m  [1mSELECT fk.referenced_table_name as 'to_table'
      ,fk.referenced_column_name as 'primary_key'
      ,fk.column_name as 'column'
      ,fk.constraint_name as 'name'
FROM information_schema.key_column_usage fk
WHERE fk.referenced_column_name is not null
  AND fk.table_schema = 'dev_otcarp_db'
  AND fk.table_name = 'books'
[0m
  [1m[35m (0.1ms)[0m  SHOW CREATE TABLE `books`
  [1m[36m (2.6ms)[0m  [1mDROP DATABASE IF EXISTS `dev_otcarp_db`[0m
  [1m[35m (2.2ms)[0m  DROP DATABASE IF EXISTS `test_otcarp_db`
  [1m[36m (0.2ms)[0m  [1mCREATE DATABASE `dev_otcarp_db` DEFAULT CHARACTER SET `utf8` COLLATE `utf8_unicode_ci`[0m
  [1m[35m (0.2ms)[0m  CREATE DATABASE `test_otcarp_db` DEFAULT CHARACTER SET `utf8` COLLATE `utf8_unicode_ci`
  [1m[36m (5.0ms)[0m  [1mCREATE TABLE `books` (`id` int(11) auto_increment PRIMARY KEY, `author` varchar(255), `name` text, `isbn13` varchar(17), `isbn10` varchar(13), `cover_type` varchar(255), `language` varchar(255), `publisher` varchar(255), `published_year` datetime, `genre` varchar(255), `category` varchar(255), `created_at` datetime, `updated_at` datetime) ENGINE=InnoDB[0m
  [1m[35m (29.2ms)[0m  CREATE TABLE `schema_migrations` (`version` varchar(255) NOT NULL) ENGINE=InnoDB
  [1m[36m (7.7ms)[0m  [1mCREATE UNIQUE INDEX `unique_schema_migrations`  ON `schema_migrations` (`version`) [0m
  [1m[35m (0.3ms)[0m  SELECT version FROM `schema_migrations`
  [1m[36m (1.1ms)[0m  [1mINSERT INTO `schema_migrations` (version) VALUES ('20161112063839')[0m
  [1m[35m (12.6ms)[0m  CREATE TABLE `books` (`id` int(11) auto_increment PRIMARY KEY, `author` varchar(255), `name` text, `isbn13` varchar(17), `isbn10` varchar(13), `cover_type` varchar(255), `language` varchar(255), `publisher` varchar(255), `published_year` datetime, `genre` varchar(255), `category` varchar(255), `created_at` datetime, `updated_at` datetime) ENGINE=InnoDB
  [1m[36m (2.9ms)[0m  [1mCREATE TABLE `schema_migrations` (`version` varchar(255) NOT NULL) ENGINE=InnoDB[0m
  [1m[35m (16.1ms)[0m  CREATE UNIQUE INDEX `unique_schema_migrations`  ON `schema_migrations` (`version`) 
  [1m[36m (0.5ms)[0m  [1mSELECT version FROM `schema_migrations`[0m
  [1m[35m (0.5ms)[0m  INSERT INTO `schema_migrations` (version) VALUES ('20161112063839')
  [1m[36mActiveRecord::SchemaMigration Load (0.2ms)[0m  [1mSELECT `schema_migrations`.* FROM `schema_migrations`[0m
  [1m[36m (2.2ms)[0m  [1mDROP DATABASE IF EXISTS `dev_otcarp_db`[0m
  [1m[35m (1.8ms)[0m  DROP DATABASE IF EXISTS `test_otcarp_db`
  [1m[36m (0.3ms)[0m  [1mCREATE DATABASE `dev_otcarp_db` DEFAULT CHARACTER SET `utf8` COLLATE `utf8_unicode_ci`[0m
  [1m[35m (0.1ms)[0m  CREATE DATABASE `test_otcarp_db` DEFAULT CHARACTER SET `utf8` COLLATE `utf8_unicode_ci`
  [1m[36m (19.1ms)[0m  [1mCREATE TABLE `books` (`id` int(11) auto_increment PRIMARY KEY, `author` varchar(255), `name` text, `isbn13` varchar(17), `isbn10` varchar(13), `cover_type` varchar(255), `language` varchar(255), `publisher` varchar(255), `published_year` datetime, `genre` varchar(255), `category` varchar(255), `created_at` datetime, `updated_at` datetime) ENGINE=InnoDB[0m
  [1m[35m (3.1ms)[0m  CREATE TABLE `schema_migrations` (`version` varchar(255) NOT NULL) ENGINE=InnoDB
  [1m[36m (16.9ms)[0m  [1mCREATE UNIQUE INDEX `unique_schema_migrations`  ON `schema_migrations` (`version`) [0m
  [1m[35m (0.2ms)[0m  SELECT version FROM `schema_migrations`
  [1m[36m (0.9ms)[0m  [1mINSERT INTO `schema_migrations` (version) VALUES ('20161112063839')[0m
  [1m[35m (3.1ms)[0m  CREATE TABLE `books` (`id` int(11) auto_increment PRIMARY KEY, `author` varchar(255), `name` text, `isbn13` varchar(17), `isbn10` varchar(13), `cover_type` varchar(255), `language` varchar(255), `publisher` varchar(255), `published_year` datetime, `genre` varchar(255), `category` varchar(255), `created_at` datetime, `updated_at` datetime) ENGINE=InnoDB
  [1m[36m (33.8ms)[0m  [1mCREATE TABLE `schema_migrations` (`version` varchar(255) NOT NULL) ENGINE=InnoDB[0m
  [1m[35m (20.2ms)[0m  CREATE UNIQUE INDEX `unique_schema_migrations`  ON `schema_migrations` (`version`) 
  [1m[36m (0.6ms)[0m  [1mSELECT version FROM `schema_migrations`[0m
  [1m[35m (0.8ms)[0m  INSERT INTO `schema_migrations` (version) VALUES ('20161112063839')
  [1m[36mActiveRecord::SchemaMigration Load (0.2ms)[0m  [1mSELECT `schema_migrations`.* FROM `schema_migrations`[0m
  [1m[36mActiveRecord::SchemaMigration Load (0.3ms)[0m  [1mSELECT `schema_migrations`.* FROM `schema_migrations`[0m
Migrating to Library (20161112092143)
  [1m[35m (3.3ms)[0m  CREATE TABLE `library` (`id` int(11) auto_increment PRIMARY KEY, `name` text, `address` text, `city` varchar(255), `state` varchar(255), `country` varchar(255), `total_capacity` int(11) DEFAULT 0) ENGINE=InnoDB
  [1m[36m (0.1ms)[0m  [1mBEGIN[0m
  [1m[35mSQL (0.2ms)[0m  INSERT INTO `schema_migrations` (`version`) VALUES ('20161112092143')
  [1m[36m (0.8ms)[0m  [1mCOMMIT[0m
Migrating to Rack (20161112092218)
  [1m[36m (15.8ms)[0m  [1mDROP DATABASE IF EXISTS `dev_otcarp_db`[0m
  [1m[35m (2.4ms)[0m  DROP DATABASE IF EXISTS `test_otcarp_db`
  [1m[36m (0.2ms)[0m  [1mCREATE DATABASE `dev_otcarp_db` DEFAULT CHARACTER SET `utf8` COLLATE `utf8_unicode_ci`[0m
  [1m[35m (0.2ms)[0m  CREATE DATABASE `test_otcarp_db` DEFAULT CHARACTER SET `utf8` COLLATE `utf8_unicode_ci`
  [1m[36m (41.8ms)[0m  [1mCREATE TABLE `books` (`id` int(11) auto_increment PRIMARY KEY, `author` varchar(255), `name` text, `isbn13` varchar(17), `isbn10` varchar(13), `cover_type` varchar(255), `language` varchar(255), `publisher` varchar(255), `published_year` datetime, `genre` varchar(255), `category` varchar(255), `created_at` datetime, `updated_at` datetime) ENGINE=InnoDB[0m
  [1m[35m (44.6ms)[0m  CREATE TABLE `schema_migrations` (`version` varchar(255) NOT NULL) ENGINE=InnoDB
  [1m[36m (12.9ms)[0m  [1mCREATE UNIQUE INDEX `unique_schema_migrations`  ON `schema_migrations` (`version`) [0m
  [1m[35m (0.2ms)[0m  SELECT version FROM `schema_migrations`
  [1m[36m (0.9ms)[0m  [1mINSERT INTO `schema_migrations` (version) VALUES ('20161112063839')[0m
  [1m[35m (47.2ms)[0m  CREATE TABLE `books` (`id` int(11) auto_increment PRIMARY KEY, `author` varchar(255), `name` text, `isbn13` varchar(17), `isbn10` varchar(13), `cover_type` varchar(255), `language` varchar(255), `publisher` varchar(255), `published_year` datetime, `genre` varchar(255), `category` varchar(255), `created_at` datetime, `updated_at` datetime) ENGINE=InnoDB
  [1m[36m (19.1ms)[0m  [1mCREATE TABLE `schema_migrations` (`version` varchar(255) NOT NULL) ENGINE=InnoDB[0m
  [1m[35m (16.6ms)[0m  CREATE UNIQUE INDEX `unique_schema_migrations`  ON `schema_migrations` (`version`) 
  [1m[36m (0.5ms)[0m  [1mSELECT version FROM `schema_migrations`[0m
  [1m[35m (0.6ms)[0m  INSERT INTO `schema_migrations` (version) VALUES ('20161112063839')
  [1m[36mActiveRecord::SchemaMigration Load (0.2ms)[0m  [1mSELECT `schema_migrations`.* FROM `schema_migrations`[0m
  [1m[36mActiveRecord::SchemaMigration Load (0.2ms)[0m  [1mSELECT `schema_migrations`.* FROM `schema_migrations`[0m
Migrating to Library (20161112092143)
  [1m[35m (62.4ms)[0m  CREATE TABLE `library` (`id` int(11) auto_increment PRIMARY KEY, `name` text, `address` text, `city` varchar(255), `state` varchar(255), `country` varchar(255), `total_capacity` int(11) DEFAULT 0) ENGINE=InnoDB
  [1m[36m (0.1ms)[0m  [1mBEGIN[0m
  [1m[35mSQL (0.2ms)[0m  INSERT INTO `schema_migrations` (`version`) VALUES ('20161112092143')
  [1m[36m (0.8ms)[0m  [1mCOMMIT[0m
Migrating to Rowrack (20161112092218)
  [1m[35m (30.7ms)[0m  CREATE TABLE `rowrack` (`id` int(11) auto_increment PRIMARY KEY, `library_id` int(11), `category` varchar(255), `genre` varchar(255)) ENGINE=InnoDB
  [1m[36m (0.2ms)[0m  [1mBEGIN[0m
  [1m[35mSQL (0.2ms)[0m  INSERT INTO `schema_migrations` (`version`) VALUES ('20161112092218')
  [1m[36m (0.7ms)[0m  [1mCOMMIT[0m
Migrating to Row (20161112092222)
  [1m[35m (33.9ms)[0m  CREATE TABLE `row` (`id` int(11) auto_increment PRIMARY KEY, `rowrack_id` int(11), `library_id` int(11), `row_number` varchar(255)) ENGINE=InnoDB
  [1m[36m (0.2ms)[0m  [1mBEGIN[0m
  [1m[35mSQL (0.3ms)[0m  INSERT INTO `schema_migrations` (`version`) VALUES ('20161112092222')
  [1m[36m (1.0ms)[0m  [1mCOMMIT[0m
Migrating to Collection (20161112092231)
  [1m[35m (20.5ms)[0m  CREATE TABLE `collection` (`id` int(11) auto_increment PRIMARY KEY, `book_id` int(11), `total_copies` int(11) DEFAULT 0, `lost_copies` int(11) DEFAULT 0, `checked_out` int(11) DEFAULT 0, `library_id` int(11), `rowrack_id` int(11), `row_id` int(11)) ENGINE=InnoDB
  [1m[36m (0.2ms)[0m  [1mBEGIN[0m
  [1m[35mSQL (0.2ms)[0m  INSERT INTO `schema_migrations` (`version`) VALUES ('20161112092231')
  [1m[36m (0.8ms)[0m  [1mCOMMIT[0m
Migrating to Borrower (20161112092237)
  [1m[35m (21.3ms)[0m  CREATE TABLE `borrower` (`id` int(11) auto_increment PRIMARY KEY, `first_name` varchar(255), `last_name` varchar(255), `mobile_number` varchar(10), `city` varchar(255), `state` varchar(255), `country` varchar(255)) ENGINE=InnoDB
  [1m[36m (0.2ms)[0m  [1mBEGIN[0m
  [1m[35mSQL (0.2ms)[0m  INSERT INTO `schema_migrations` (`version`) VALUES ('20161112092237')
  [1m[36m (0.8ms)[0m  [1mCOMMIT[0m
  [1m[35mActiveRecord::SchemaMigration Load (0.2ms)[0m  SELECT `schema_migrations`.* FROM `schema_migrations`
  [1m[36m (0.2ms)[0m  [1mSELECT fk.referenced_table_name as 'to_table'
      ,fk.referenced_column_name as 'primary_key'
      ,fk.column_name as 'column'
      ,fk.constraint_name as 'name'
FROM information_schema.key_column_usage fk
WHERE fk.referenced_column_name is not null
  AND fk.table_schema = 'dev_otcarp_db'
  AND fk.table_name = 'books'
[0m
  [1m[35m (0.1ms)[0m  SHOW CREATE TABLE `books`
  [1m[36m (0.2ms)[0m  [1mSELECT fk.referenced_table_name as 'to_table'
      ,fk.referenced_column_name as 'primary_key'
      ,fk.column_name as 'column'
      ,fk.constraint_name as 'name'
FROM information_schema.key_column_usage fk
WHERE fk.referenced_column_name is not null
  AND fk.table_schema = 'dev_otcarp_db'
  AND fk.table_name = 'borrower'
[0m
  [1m[35m (0.1ms)[0m  SHOW CREATE TABLE `borrower`
  [1m[36m (0.3ms)[0m  [1mSELECT fk.referenced_table_name as 'to_table'
      ,fk.referenced_column_name as 'primary_key'
      ,fk.column_name as 'column'
      ,fk.constraint_name as 'name'
FROM information_schema.key_column_usage fk
WHERE fk.referenced_column_name is not null
  AND fk.table_schema = 'dev_otcarp_db'
  AND fk.table_name = 'collection'
[0m
  [1m[35m (0.2ms)[0m  SHOW CREATE TABLE `collection`
  [1m[36m (0.2ms)[0m  [1mSELECT fk.referenced_table_name as 'to_table'
      ,fk.referenced_column_name as 'primary_key'
      ,fk.column_name as 'column'
      ,fk.constraint_name as 'name'
FROM information_schema.key_column_usage fk
WHERE fk.referenced_column_name is not null
  AND fk.table_schema = 'dev_otcarp_db'
  AND fk.table_name = 'library'
[0m
  [1m[35m (0.2ms)[0m  SHOW CREATE TABLE `library`
  [1m[36m (0.2ms)[0m  [1mSELECT fk.referenced_table_name as 'to_table'
      ,fk.referenced_column_name as 'primary_key'
      ,fk.column_name as 'column'
      ,fk.constraint_name as 'name'
FROM information_schema.key_column_usage fk
WHERE fk.referenced_column_name is not null
  AND fk.table_schema = 'dev_otcarp_db'
  AND fk.table_name = 'row'
[0m
  [1m[35m (0.1ms)[0m  SHOW CREATE TABLE `row`
  [1m[36m (0.3ms)[0m  [1mSELECT fk.referenced_table_name as 'to_table'
      ,fk.referenced_column_name as 'primary_key'
      ,fk.column_name as 'column'
      ,fk.constraint_name as 'name'
FROM information_schema.key_column_usage fk
WHERE fk.referenced_column_name is not null
  AND fk.table_schema = 'dev_otcarp_db'
  AND fk.table_name = 'rowrack'
[0m
  [1m[35m (0.1ms)[0m  SHOW CREATE TABLE `rowrack`
  [1m[36m (17.5ms)[0m  [1mDROP DATABASE IF EXISTS `dev_otcarp_db`[0m
  [1m[35m (2.8ms)[0m  DROP DATABASE IF EXISTS `test_otcarp_db`
  [1m[36m (0.2ms)[0m  [1mCREATE DATABASE `dev_otcarp_db` DEFAULT CHARACTER SET `utf8` COLLATE `utf8_unicode_ci`[0m
  [1m[35m (0.1ms)[0m  CREATE DATABASE `test_otcarp_db` DEFAULT CHARACTER SET `utf8` COLLATE `utf8_unicode_ci`
  [1m[36m (36.3ms)[0m  [1mCREATE TABLE `books` (`id` int(11) auto_increment PRIMARY KEY, `author` varchar(255), `name` text, `isbn13` varchar(17), `isbn10` varchar(13), `cover_type` varchar(255), `language` varchar(255), `publisher` varchar(255), `published_year` datetime, `genre` varchar(255), `category` varchar(255), `created_at` datetime, `updated_at` datetime) ENGINE=InnoDB[0m
  [1m[35m (24.2ms)[0m  CREATE TABLE `borrower` (`id` int(11) auto_increment PRIMARY KEY, `first_name` varchar(255), `last_name` varchar(255), `mobile_number` varchar(10), `city` varchar(255), `state` varchar(255), `country` varchar(255)) ENGINE=InnoDB
  [1m[36m (30.5ms)[0m  [1mCREATE TABLE `collection` (`id` int(11) auto_increment PRIMARY KEY, `book_id` int(11), `total_copies` int(11) DEFAULT 0, `lost_copies` int(11) DEFAULT 0, `checked_out` int(11) DEFAULT 0, `library_id` int(11), `rowrack_id` int(11), `row_id` int(11)) ENGINE=InnoDB[0m
  [1m[35m (54.3ms)[0m  CREATE TABLE `library` (`id` int(11) auto_increment PRIMARY KEY, `name` text, `address` text, `city` varchar(255), `state` varchar(255), `country` varchar(255), `total_capacity` int(11) DEFAULT 0) ENGINE=InnoDB
  [1m[36m (16.6ms)[0m  [1mCREATE TABLE `row` (`id` int(11) auto_increment PRIMARY KEY, `rowrack_id` int(11), `library_id` int(11), `row_number` varchar(255)) ENGINE=InnoDB[0m
  [1m[35m (3.2ms)[0m  CREATE TABLE `rowrack` (`id` int(11) auto_increment PRIMARY KEY, `library_id` int(11), `category` varchar(255), `genre` varchar(255)) ENGINE=InnoDB
  [1m[36m (29.1ms)[0m  [1mCREATE TABLE `schema_migrations` (`version` varchar(255) NOT NULL) ENGINE=InnoDB[0m
  [1m[35m (36.0ms)[0m  CREATE UNIQUE INDEX `unique_schema_migrations`  ON `schema_migrations` (`version`) 
  [1m[36m (0.2ms)[0m  [1mSELECT version FROM `schema_migrations`[0m
  [1m[35m (0.7ms)[0m  INSERT INTO `schema_migrations` (version) VALUES ('20161112092237')
  [1m[36m (10.4ms)[0m  [1mCREATE TABLE `books` (`id` int(11) auto_increment PRIMARY KEY, `author` varchar(255), `name` text, `isbn13` varchar(17), `isbn10` varchar(13), `cover_type` varchar(255), `language` varchar(255), `publisher` varchar(255), `published_year` datetime, `genre` varchar(255), `category` varchar(255), `created_at` datetime, `updated_at` datetime) ENGINE=InnoDB[0m
  [1m[35m (34.4ms)[0m  CREATE TABLE `borrower` (`id` int(11) auto_increment PRIMARY KEY, `first_name` varchar(255), `last_name` varchar(255), `mobile_number` varchar(10), `city` varchar(255), `state` varchar(255), `country` varchar(255)) ENGINE=InnoDB
  [1m[36m (13.2ms)[0m  [1mCREATE TABLE `collection` (`id` int(11) auto_increment PRIMARY KEY, `book_id` int(11), `total_copies` int(11) DEFAULT 0, `lost_copies` int(11) DEFAULT 0, `checked_out` int(11) DEFAULT 0, `library_id` int(11), `rowrack_id` int(11), `row_id` int(11)) ENGINE=InnoDB[0m
  [1m[35m (4.2ms)[0m  CREATE TABLE `library` (`id` int(11) auto_increment PRIMARY KEY, `name` text, `address` text, `city` varchar(255), `state` varchar(255), `country` varchar(255), `total_capacity` int(11) DEFAULT 0) ENGINE=InnoDB
  [1m[36m (19.2ms)[0m  [1mCREATE TABLE `row` (`id` int(11) auto_increment PRIMARY KEY, `rowrack_id` int(11), `library_id` int(11), `row_number` varchar(255)) ENGINE=InnoDB[0m
  [1m[35m (3.1ms)[0m  CREATE TABLE `rowrack` (`id` int(11) auto_increment PRIMARY KEY, `library_id` int(11), `category` varchar(255), `genre` varchar(255)) ENGINE=InnoDB
  [1m[36m (15.8ms)[0m  [1mCREATE TABLE `schema_migrations` (`version` varchar(255) NOT NULL) ENGINE=InnoDB[0m
  [1m[35m (37.5ms)[0m  CREATE UNIQUE INDEX `unique_schema_migrations`  ON `schema_migrations` (`version`) 
  [1m[36m (0.6ms)[0m  [1mSELECT version FROM `schema_migrations`[0m
  [1m[35m (0.9ms)[0m  INSERT INTO `schema_migrations` (version) VALUES ('20161112092237')
  [1m[36mActiveRecord::SchemaMigration Load (0.2ms)[0m  [1mSELECT `schema_migrations`.* FROM `schema_migrations`[0m
  [1m[36mActiveRecord::SchemaMigration Load (0.2ms)[0m  [1mSELECT `schema_migrations`.* FROM `schema_migrations`[0m
Migrating to CreateBooks (20161112095610)
  [1m[36m (77.0ms)[0m  [1mCREATE TABLE `schema_migrations` (`version` varchar(255) NOT NULL) ENGINE=InnoDB[0m
  [1m[35m (29.4ms)[0m  CREATE UNIQUE INDEX `unique_schema_migrations`  ON `schema_migrations` (`version`) 
  [1m[36mActiveRecord::SchemaMigration Load (0.3ms)[0m  [1mSELECT `schema_migrations`.* FROM `schema_migrations`[0m
Migrating to CreateBooks (20161112095610)
  [1m[35m (41.1ms)[0m  CREATE TABLE `books` (`id` int(11) auto_increment PRIMARY KEY, `name` text, `isbn13` varchar(17), `isbn10` varchar(13), `cover_type` varchar(255), `language` varchar(255), `publisher` varchar(255), `published_year` datetime, `genre` varchar(255), `category` varchar(255), `created_at` datetime NOT NULL, `updated_at` datetime NOT NULL) ENGINE=InnoDB
  [1m[36m (0.1ms)[0m  [1mBEGIN[0m
  [1m[35mSQL (0.2ms)[0m  INSERT INTO `schema_migrations` (`version`) VALUES ('20161112095610')
  [1m[36m (0.8ms)[0m  [1mCOMMIT[0m
Migrating to CreateLibraries (20161112100002)
  [1m[35m (57.7ms)[0m  CREATE TABLE `libraries` (`id` int(11) auto_increment PRIMARY KEY, `name` text, `address` text, `city` varchar(255), `state` varchar(255), `country` varchar(255), `total_capacity` int(11) DEFAULT 0, `created_at` datetime NOT NULL, `updated_at` datetime NOT NULL) ENGINE=InnoDB
  [1m[36m (0.1ms)[0m  [1mBEGIN[0m
  [1m[35mSQL (0.2ms)[0m  INSERT INTO `schema_migrations` (`version`) VALUES ('20161112100002')
  [1m[36m (0.6ms)[0m  [1mCOMMIT[0m
Migrating to CreateRowracks (20161112100129)
  [1m[35m (41.8ms)[0m  CREATE TABLE `rowracks` (`id` int(11) auto_increment PRIMARY KEY, `library_id` int(11), `category` varchar(255), `genre` varchar(255), `created_at` datetime NOT NULL, `updated_at` datetime NOT NULL) ENGINE=InnoDB
  [1m[36m (0.1ms)[0m  [1mBEGIN[0m
  [1m[35mSQL (0.2ms)[0m  INSERT INTO `schema_migrations` (`version`) VALUES ('20161112100129')
  [1m[36m (0.7ms)[0m  [1mCOMMIT[0m
Migrating to CreateRows (20161112100153)
  [1m[35m (34.6ms)[0m  CREATE TABLE `rows` (`id` int(11) auto_increment PRIMARY KEY, `rowrack_id` int(11), `library_id` int(11), `row_number` varchar(255), `created_at` datetime NOT NULL, `updated_at` datetime NOT NULL) ENGINE=InnoDB
  [1m[36m (0.2ms)[0m  [1mBEGIN[0m
  [1m[35mSQL (0.2ms)[0m  INSERT INTO `schema_migrations` (`version`) VALUES ('20161112100153')
  [1m[36m (1.0ms)[0m  [1mCOMMIT[0m
Migrating to CreateBorrowers (20161112100237)
  [1m[35m (20.9ms)[0m  CREATE TABLE `borrowers` (`id` int(11) auto_increment PRIMARY KEY, `first_name` varchar(255), `last_name` varchar(255), `mobile_number` varchar(10), `city` varchar(255), `state` varchar(255), `country` varchar(255), `created_at` datetime NOT NULL, `updated_at` datetime NOT NULL) ENGINE=InnoDB
  [1m[36m (0.1ms)[0m  [1mBEGIN[0m
  [1m[35mSQL (0.2ms)[0m  INSERT INTO `schema_migrations` (`version`) VALUES ('20161112100237')
  [1m[36m (0.9ms)[0m  [1mCOMMIT[0m
Migrating to CreateCollections (20161112100337)
  [1m[35m (26.6ms)[0m  CREATE TABLE `collections` (`id` int(11) auto_increment PRIMARY KEY, `book_id` int(11), `total_copies` int(11) DEFAULT 0, `lost_copies` int(11) DEFAULT 0, `checked_out` int(11) DEFAULT 0, `library_id` int(11), `rowrack_id` int(11), `row_id` int(11), `created_at` datetime NOT NULL, `updated_at` datetime NOT NULL) ENGINE=InnoDB
  [1m[36m (0.2ms)[0m  [1mBEGIN[0m
  [1m[35mSQL (0.2ms)[0m  INSERT INTO `schema_migrations` (`version`) VALUES ('20161112100337')
  [1m[36m (0.9ms)[0m  [1mCOMMIT[0m
Migrating to CreateAuthors (20161112100603)
  [1m[35m (69.7ms)[0m  CREATE TABLE `authors` (`id` int(11) auto_increment PRIMARY KEY, `first_name` varchar(255), `last_name` varchar(255), `country_of_origin` varchar(255), `mini_bio` text, `wiki_link` varchar(255), `created_at` datetime NOT NULL, `updated_at` datetime NOT NULL) ENGINE=InnoDB
  [1m[36m (0.2ms)[0m  [1mBEGIN[0m
  [1m[35mSQL (0.3ms)[0m  INSERT INTO `schema_migrations` (`version`) VALUES ('20161112100603')
  [1m[36m (0.9ms)[0m  [1mCOMMIT[0m
Migrating to CreateAuthorBooks (20161112100740)
  [1m[35m (46.8ms)[0m  CREATE TABLE `author_books` (`id` int(11) auto_increment PRIMARY KEY, `created_at` datetime NOT NULL, `updated_at` datetime NOT NULL) ENGINE=InnoDB
  [1m[36m (0.4ms)[0m  [1mBEGIN[0m
  [1m[35mSQL (0.2ms)[0m  INSERT INTO `schema_migrations` (`version`) VALUES ('20161112100740')
  [1m[36m (0.4ms)[0m  [1mCOMMIT[0m
  [1m[35mActiveRecord::SchemaMigration Load (0.3ms)[0m  SELECT `schema_migrations`.* FROM `schema_migrations`
  [1m[36m (0.2ms)[0m  [1mSELECT fk.referenced_table_name as 'to_table'
      ,fk.referenced_column_name as 'primary_key'
      ,fk.column_name as 'column'
      ,fk.constraint_name as 'name'
FROM information_schema.key_column_usage fk
WHERE fk.referenced_column_name is not null
  AND fk.table_schema = 'dev_otcarp_db'
  AND fk.table_name = 'author_books'
[0m
  [1m[35m (0.1ms)[0m  SHOW CREATE TABLE `author_books`
  [1m[36m (0.2ms)[0m  [1mSELECT fk.referenced_table_name as 'to_table'
      ,fk.referenced_column_name as 'primary_key'
      ,fk.column_name as 'column'
      ,fk.constraint_name as 'name'
FROM information_schema.key_column_usage fk
WHERE fk.referenced_column_name is not null
  AND fk.table_schema = 'dev_otcarp_db'
  AND fk.table_name = 'authors'
[0m
  [1m[35m (0.1ms)[0m  SHOW CREATE TABLE `authors`
  [1m[36m (0.2ms)[0m  [1mSELECT fk.referenced_table_name as 'to_table'
      ,fk.referenced_column_name as 'primary_key'
      ,fk.column_name as 'column'
      ,fk.constraint_name as 'name'
FROM information_schema.key_column_usage fk
WHERE fk.referenced_column_name is not null
  AND fk.table_schema = 'dev_otcarp_db'
  AND fk.table_name = 'books'
[0m
  [1m[35m (0.1ms)[0m  SHOW CREATE TABLE `books`
  [1m[36m (0.2ms)[0m  [1mSELECT fk.referenced_table_name as 'to_table'
      ,fk.referenced_column_name as 'primary_key'
      ,fk.column_name as 'column'
      ,fk.constraint_name as 'name'
FROM information_schema.key_column_usage fk
WHERE fk.referenced_column_name is not null
  AND fk.table_schema = 'dev_otcarp_db'
  AND fk.table_name = 'borrowers'
[0m
  [1m[35m (0.1ms)[0m  SHOW CREATE TABLE `borrowers`
  [1m[36m (0.2ms)[0m  [1mSELECT fk.referenced_table_name as 'to_table'
      ,fk.referenced_column_name as 'primary_key'
      ,fk.column_name as 'column'
      ,fk.constraint_name as 'name'
FROM information_schema.key_column_usage fk
WHERE fk.referenced_column_name is not null
  AND fk.table_schema = 'dev_otcarp_db'
  AND fk.table_name = 'collections'
[0m
  [1m[35m (0.1ms)[0m  SHOW CREATE TABLE `collections`
  [1m[36m (0.2ms)[0m  [1mSELECT fk.referenced_table_name as 'to_table'
      ,fk.referenced_column_name as 'primary_key'
      ,fk.column_name as 'column'
      ,fk.constraint_name as 'name'
FROM information_schema.key_column_usage fk
WHERE fk.referenced_column_name is not null
  AND fk.table_schema = 'dev_otcarp_db'
  AND fk.table_name = 'libraries'
[0m
  [1m[35m (0.2ms)[0m  SHOW CREATE TABLE `libraries`
  [1m[36m (0.4ms)[0m  [1mSELECT fk.referenced_table_name as 'to_table'
      ,fk.referenced_column_name as 'primary_key'
      ,fk.column_name as 'column'
      ,fk.constraint_name as 'name'
FROM information_schema.key_column_usage fk
WHERE fk.referenced_column_name is not null
  AND fk.table_schema = 'dev_otcarp_db'
  AND fk.table_name = 'rowracks'
[0m
  [1m[35m (0.2ms)[0m  SHOW CREATE TABLE `rowracks`
  [1m[36m (0.3ms)[0m  [1mSELECT fk.referenced_table_name as 'to_table'
      ,fk.referenced_column_name as 'primary_key'
      ,fk.column_name as 'column'
      ,fk.constraint_name as 'name'
FROM information_schema.key_column_usage fk
WHERE fk.referenced_column_name is not null
  AND fk.table_schema = 'dev_otcarp_db'
  AND fk.table_name = 'rows'
[0m
  [1m[35m (0.2ms)[0m  SHOW CREATE TABLE `rows`
  [1m[36mLibrary Load (0.4ms)[0m  [1mSELECT  `libraries`.* FROM `libraries`  ORDER BY `libraries`.`id` DESC LIMIT 1[0m
  [1m[36mActiveRecord::SchemaMigration Load (0.2ms)[0m  [1mSELECT `schema_migrations`.* FROM `schema_migrations`[0m
  [1m[35mActiveRecord::SchemaMigration Load (0.2ms)[0m  SELECT `schema_migrations`.* FROM `schema_migrations`
  [1m[36m (0.2ms)[0m  [1mSELECT fk.referenced_table_name as 'to_table'
      ,fk.referenced_column_name as 'primary_key'
      ,fk.column_name as 'column'
      ,fk.constraint_name as 'name'
FROM information_schema.key_column_usage fk
WHERE fk.referenced_column_name is not null
  AND fk.table_schema = 'dev_otcarp_db'
  AND fk.table_name = 'author_books'
[0m
  [1m[35m (0.1ms)[0m  SHOW CREATE TABLE `author_books`
  [1m[36m (0.2ms)[0m  [1mSELECT fk.referenced_table_name as 'to_table'
      ,fk.referenced_column_name as 'primary_key'
      ,fk.column_name as 'column'
      ,fk.constraint_name as 'name'
FROM information_schema.key_column_usage fk
WHERE fk.referenced_column_name is not null
  AND fk.table_schema = 'dev_otcarp_db'
  AND fk.table_name = 'authors'
[0m
  [1m[35m (0.1ms)[0m  SHOW CREATE TABLE `authors`
  [1m[36m (0.2ms)[0m  [1mSELECT fk.referenced_table_name as 'to_table'
      ,fk.referenced_column_name as 'primary_key'
      ,fk.column_name as 'column'
      ,fk.constraint_name as 'name'
FROM information_schema.key_column_usage fk
WHERE fk.referenced_column_name is not null
  AND fk.table_schema = 'dev_otcarp_db'
  AND fk.table_name = 'books'
[0m
  [1m[35m (0.1ms)[0m  SHOW CREATE TABLE `books`
  [1m[36m (0.2ms)[0m  [1mSELECT fk.referenced_table_name as 'to_table'
      ,fk.referenced_column_name as 'primary_key'
      ,fk.column_name as 'column'
      ,fk.constraint_name as 'name'
FROM information_schema.key_column_usage fk
WHERE fk.referenced_column_name is not null
  AND fk.table_schema = 'dev_otcarp_db'
  AND fk.table_name = 'borrowers'
[0m
  [1m[35m (0.1ms)[0m  SHOW CREATE TABLE `borrowers`
  [1m[36m (0.2ms)[0m  [1mSELECT fk.referenced_table_name as 'to_table'
      ,fk.referenced_column_name as 'primary_key'
      ,fk.column_name as 'column'
      ,fk.constraint_name as 'name'
FROM information_schema.key_column_usage fk
WHERE fk.referenced_column_name is not null
  AND fk.table_schema = 'dev_otcarp_db'
  AND fk.table_name = 'collections'
[0m
  [1m[35m (0.1ms)[0m  SHOW CREATE TABLE `collections`
  [1m[36m (0.2ms)[0m  [1mSELECT fk.referenced_table_name as 'to_table'
      ,fk.referenced_column_name as 'primary_key'
      ,fk.column_name as 'column'
      ,fk.constraint_name as 'name'
FROM information_schema.key_column_usage fk
WHERE fk.referenced_column_name is not null
  AND fk.table_schema = 'dev_otcarp_db'
  AND fk.table_name = 'libraries'
[0m
  [1m[35m (0.6ms)[0m  SHOW CREATE TABLE `libraries`
  [1m[36m (0.2ms)[0m  [1mSELECT fk.referenced_table_name as 'to_table'
      ,fk.referenced_column_name as 'primary_key'
      ,fk.column_name as 'column'
      ,fk.constraint_name as 'name'
FROM information_schema.key_column_usage fk
WHERE fk.referenced_column_name is not null
  AND fk.table_schema = 'dev_otcarp_db'
  AND fk.table_name = 'rowracks'
[0m
  [1m[35m (0.1ms)[0m  SHOW CREATE TABLE `rowracks`
  [1m[36m (0.2ms)[0m  [1mSELECT fk.referenced_table_name as 'to_table'
      ,fk.referenced_column_name as 'primary_key'
      ,fk.column_name as 'column'
      ,fk.constraint_name as 'name'
FROM information_schema.key_column_usage fk
WHERE fk.referenced_column_name is not null
  AND fk.table_schema = 'dev_otcarp_db'
  AND fk.table_name = 'rows'
[0m
  [1m[35m (0.1ms)[0m  SHOW CREATE TABLE `rows`
  [1m[36m (36.0ms)[0m  [1mDROP DATABASE IF EXISTS `dev_otcarp_db`[0m
  [1m[35m (0.2ms)[0m  DROP DATABASE IF EXISTS `test_otcarp_db`
  [1m[36m (0.6ms)[0m  [1mCREATE DATABASE `dev_otcarp_db` DEFAULT CHARACTER SET `utf8` COLLATE `utf8_unicode_ci`[0m
  [1m[35m (0.2ms)[0m  CREATE DATABASE `test_otcarp_db` DEFAULT CHARACTER SET `utf8` COLLATE `utf8_unicode_ci`
  [1m[36m (34.9ms)[0m  [1mCREATE TABLE `author_books` (`id` int(11) auto_increment PRIMARY KEY, `created_at` datetime NOT NULL, `updated_at` datetime NOT NULL) ENGINE=InnoDB[0m
  [1m[35m (40.6ms)[0m  CREATE TABLE `authors` (`id` int(11) auto_increment PRIMARY KEY, `first_name` varchar(255), `last_name` varchar(255), `country_of_origin` varchar(255), `mini_bio` text, `wiki_link` varchar(255), `created_at` datetime NOT NULL, `updated_at` datetime NOT NULL) ENGINE=InnoDB
  [1m[36m (32.9ms)[0m  [1mCREATE TABLE `books` (`id` int(11) auto_increment PRIMARY KEY, `name` text, `isbn13` varchar(17), `isbn10` varchar(13), `cover_type` varchar(255), `language` varchar(255), `publisher` varchar(255), `published_year` datetime, `genre` varchar(255), `category` varchar(255), `created_at` datetime NOT NULL, `updated_at` datetime NOT NULL) ENGINE=InnoDB[0m
  [1m[35m (48.5ms)[0m  CREATE TABLE `borrowers` (`id` int(11) auto_increment PRIMARY KEY, `first_name` varchar(255), `last_name` varchar(255), `mobile_number` varchar(10), `city` varchar(255), `state` varchar(255), `country` varchar(255), `created_at` datetime NOT NULL, `updated_at` datetime NOT NULL) ENGINE=InnoDB
  [1m[36m (44.3ms)[0m  [1mCREATE TABLE `collections` (`id` int(11) auto_increment PRIMARY KEY, `book_id` int(11), `total_copies` int(11) DEFAULT 0, `lost_copies` int(11) DEFAULT 0, `checked_out` int(11) DEFAULT 0, `library_id` int(11), `rowrack_id` int(11), `row_id` int(11), `created_at` datetime NOT NULL, `updated_at` datetime NOT NULL) ENGINE=InnoDB[0m
  [1m[35m (30.4ms)[0m  CREATE TABLE `libraries` (`id` int(11) auto_increment PRIMARY KEY, `name` text, `address` text, `city` varchar(255), `state` varchar(255), `country` varchar(255), `total_capacity` int(11) DEFAULT 0, `created_at` datetime NOT NULL, `updated_at` datetime NOT NULL) ENGINE=InnoDB
  [1m[36m (7.3ms)[0m  [1mCREATE TABLE `rowracks` (`id` int(11) auto_increment PRIMARY KEY, `library_id` int(11), `category` varchar(255), `genre` varchar(255), `created_at` datetime NOT NULL, `updated_at` datetime NOT NULL) ENGINE=InnoDB[0m
  [1m[35m (20.4ms)[0m  CREATE TABLE `rows` (`id` int(11) auto_increment PRIMARY KEY, `rowrack_id` int(11), `library_id` int(11), `row_number` varchar(255), `created_at` datetime NOT NULL, `updated_at` datetime NOT NULL) ENGINE=InnoDB
  [1m[36m (27.2ms)[0m  [1mCREATE TABLE `schema_migrations` (`version` varchar(255) NOT NULL) ENGINE=InnoDB[0m
  [1m[35m (18.3ms)[0m  CREATE UNIQUE INDEX `unique_schema_migrations`  ON `schema_migrations` (`version`) 
  [1m[36m (0.2ms)[0m  [1mSELECT version FROM `schema_migrations`[0m
  [1m[35m (1.1ms)[0m  INSERT INTO `schema_migrations` (version) VALUES ('20161112100740')
  [1m[36m (0.9ms)[0m  [1mINSERT INTO `schema_migrations` (version) VALUES ('20161112095610')[0m
  [1m[35m (0.6ms)[0m  INSERT INTO `schema_migrations` (version) VALUES ('20161112100002')
  [1m[36m (0.5ms)[0m  [1mINSERT INTO `schema_migrations` (version) VALUES ('20161112100129')[0m
  [1m[35m (0.6ms)[0m  INSERT INTO `schema_migrations` (version) VALUES ('20161112100153')
  [1m[36m (1.6ms)[0m  [1mINSERT INTO `schema_migrations` (version) VALUES ('20161112100237')[0m
  [1m[35m (0.4ms)[0m  INSERT INTO `schema_migrations` (version) VALUES ('20161112100337')
  [1m[36m (0.3ms)[0m  [1mINSERT INTO `schema_migrations` (version) VALUES ('20161112100603')[0m
  [1m[35m (19.7ms)[0m  CREATE TABLE `author_books` (`id` int(11) auto_increment PRIMARY KEY, `created_at` datetime NOT NULL, `updated_at` datetime NOT NULL) ENGINE=InnoDB
  [1m[36m (26.1ms)[0m  [1mCREATE TABLE `authors` (`id` int(11) auto_increment PRIMARY KEY, `first_name` varchar(255), `last_name` varchar(255), `country_of_origin` varchar(255), `mini_bio` text, `wiki_link` varchar(255), `created_at` datetime NOT NULL, `updated_at` datetime NOT NULL) ENGINE=InnoDB[0m
  [1m[35m (10.8ms)[0m  CREATE TABLE `books` (`id` int(11) auto_increment PRIMARY KEY, `name` text, `isbn13` varchar(17), `isbn10` varchar(13), `cover_type` varchar(255), `language` varchar(255), `publisher` varchar(255), `published_year` datetime, `genre` varchar(255), `category` varchar(255), `created_at` datetime NOT NULL, `updated_at` datetime NOT NULL) ENGINE=InnoDB
  [1m[36m (40.7ms)[0m  [1mCREATE TABLE `borrowers` (`id` int(11) auto_increment PRIMARY KEY, `first_name` varchar(255), `last_name` varchar(255), `mobile_number` varchar(10), `city` varchar(255), `state` varchar(255), `country` varchar(255), `created_at` datetime NOT NULL, `updated_at` datetime NOT NULL) ENGINE=InnoDB[0m
  [1m[35m (27.6ms)[0m  CREATE TABLE `collections` (`id` int(11) auto_increment PRIMARY KEY, `book_id` int(11), `total_copies` int(11) DEFAULT 0, `lost_copies` int(11) DEFAULT 0, `checked_out` int(11) DEFAULT 0, `library_id` int(11), `rowrack_id` int(11), `row_id` int(11), `created_at` datetime NOT NULL, `updated_at` datetime NOT NULL) ENGINE=InnoDB
  [1m[36m (3.5ms)[0m  [1mCREATE TABLE `libraries` (`id` int(11) auto_increment PRIMARY KEY, `name` text, `address` text, `city` varchar(255), `state` varchar(255), `country` varchar(255), `total_capacity` int(11) DEFAULT 0, `created_at` datetime NOT NULL, `updated_at` datetime NOT NULL) ENGINE=InnoDB[0m
  [1m[35m (21.3ms)[0m  CREATE TABLE `rowracks` (`id` int(11) auto_increment PRIMARY KEY, `library_id` int(11), `category` varchar(255), `genre` varchar(255), `created_at` datetime NOT NULL, `updated_at` datetime NOT NULL) ENGINE=InnoDB
  [1m[36m (12.8ms)[0m  [1mCREATE TABLE `rows` (`id` int(11) auto_increment PRIMARY KEY, `rowrack_id` int(11), `library_id` int(11), `row_number` varchar(255), `created_at` datetime NOT NULL, `updated_at` datetime NOT NULL) ENGINE=InnoDB[0m
  [1m[35m (31.7ms)[0m  CREATE TABLE `schema_migrations` (`version` varchar(255) NOT NULL) ENGINE=InnoDB
  [1m[36m (46.3ms)[0m  [1mCREATE UNIQUE INDEX `unique_schema_migrations`  ON `schema_migrations` (`version`) [0m
  [1m[35m (0.5ms)[0m  SELECT version FROM `schema_migrations`
  [1m[36m (0.4ms)[0m  [1mINSERT INTO `schema_migrations` (version) VALUES ('20161112100740')[0m
  [1m[35m (0.4ms)[0m  INSERT INTO `schema_migrations` (version) VALUES ('20161112095610')
  [1m[36m (0.6ms)[0m  [1mINSERT INTO `schema_migrations` (version) VALUES ('20161112100002')[0m
  [1m[35m (0.3ms)[0m  INSERT INTO `schema_migrations` (version) VALUES ('20161112100129')
  [1m[36m (0.6ms)[0m  [1mINSERT INTO `schema_migrations` (version) VALUES ('20161112100153')[0m
  [1m[35m (0.3ms)[0m  INSERT INTO `schema_migrations` (version) VALUES ('20161112100237')
  [1m[36m (0.3ms)[0m  [1mINSERT INTO `schema_migrations` (version) VALUES ('20161112100337')[0m
  [1m[35m (0.3ms)[0m  INSERT INTO `schema_migrations` (version) VALUES ('20161112100603')
  [1m[36mActiveRecord::SchemaMigration Load (0.3ms)[0m  [1mSELECT `schema_migrations`.* FROM `schema_migrations`[0m
  [1m[36m (0.3ms)[0m  [1mBEGIN[0m
  [1m[35mSQL (0.4ms)[0m  INSERT INTO `books` (`created_at`, `updated_at`) VALUES ('2016-11-12 12:22:52', '2016-11-12 12:22:52')
  [1m[36m (1.0ms)[0m  [1mCOMMIT[0m
  [1m[36m (0.2ms)[0m  [1mBEGIN[0m
  [1m[35mSQL (0.3ms)[0m  INSERT INTO `authors` (`created_at`, `updated_at`) VALUES ('2016-11-12 12:24:15', '2016-11-12 12:24:15')
  [1m[36m (0.8ms)[0m  [1mCOMMIT[0m
  [1m[36mBook Load (0.5ms)[0m  [1mSELECT  `books`.* FROM `books`  ORDER BY `books`.`id` DESC LIMIT 1[0m
  [1m[35mBook Load (1.6ms)[0m  SELECT  `books`.* FROM `books`  ORDER BY `books`.`id` DESC LIMIT 1
  [1m[36mBook Load (0.9ms)[0m  [1mSELECT  `books`.* FROM `books`  ORDER BY `books`.`id` DESC LIMIT 1[0m
  [1m[35mBook Load (0.7ms)[0m  SELECT  `books`.* FROM `books`  ORDER BY `books`.`id` DESC LIMIT 1
  [1m[36mBook Load (0.4ms)[0m  [1mSELECT  `books`.* FROM `books`  ORDER BY `books`.`id` DESC LIMIT 1[0m
  [1m[35mBook Load (0.4ms)[0m  SELECT  `books`.* FROM `books`  ORDER BY `books`.`id` DESC LIMIT 1
  [1m[36mBook Load (0.3ms)[0m  [1mSELECT  `books`.* FROM `books`  ORDER BY `books`.`id` DESC LIMIT 1[0m
  [1m[35mBook Load (0.3ms)[0m  SELECT  `books`.* FROM `books`  ORDER BY `books`.`id` DESC LIMIT 1
  [1m[36mBook Load (0.4ms)[0m  [1mSELECT  `books`.* FROM `books`  ORDER BY `books`.`id` DESC LIMIT 1[0m
  [1m[35mBook Load (0.3ms)[0m  SELECT  `books`.* FROM `books`  ORDER BY `books`.`id` DESC LIMIT 1
  [1m[36mAuthor Load (0.4ms)[0m  [1mSELECT `authors`.* FROM `authors` INNER JOIN `author_books` ON `authors`.`id` = `author_books`.`author_id` WHERE `author_books`.`book_id` = 1[0m
  [1m[36m (35.0ms)[0m  [1mDROP DATABASE IF EXISTS `dev_otcarp_db`[0m
  [1m[35m (4.4ms)[0m  DROP DATABASE IF EXISTS `test_otcarp_db`
  [1m[36m (0.2ms)[0m  [1mCREATE DATABASE `dev_otcarp_db` DEFAULT CHARACTER SET `utf8` COLLATE `utf8_unicode_ci`[0m
  [1m[35m (0.2ms)[0m  CREATE DATABASE `test_otcarp_db` DEFAULT CHARACTER SET `utf8` COLLATE `utf8_unicode_ci`
  [1m[36m (38.8ms)[0m  [1mCREATE TABLE `author_books` (`id` int(11) auto_increment PRIMARY KEY, `created_at` datetime NOT NULL, `updated_at` datetime NOT NULL) ENGINE=InnoDB[0m
  [1m[35m (40.9ms)[0m  CREATE TABLE `authors` (`id` int(11) auto_increment PRIMARY KEY, `first_name` varchar(255), `last_name` varchar(255), `country_of_origin` varchar(255), `mini_bio` text, `wiki_link` varchar(255), `created_at` datetime NOT NULL, `updated_at` datetime NOT NULL) ENGINE=InnoDB
  [1m[36m (14.7ms)[0m  [1mCREATE TABLE `books` (`id` int(11) auto_increment PRIMARY KEY, `name` text, `isbn13` varchar(17), `isbn10` varchar(13), `cover_type` varchar(255), `language` varchar(255), `publisher` varchar(255), `published_year` datetime, `genre` varchar(255), `category` varchar(255), `created_at` datetime NOT NULL, `updated_at` datetime NOT NULL) ENGINE=InnoDB[0m
  [1m[35m (49.9ms)[0m  CREATE TABLE `borrowers` (`id` int(11) auto_increment PRIMARY KEY, `first_name` varchar(255), `last_name` varchar(255), `mobile_number` varchar(10), `city` varchar(255), `state` varchar(255), `country` varchar(255), `created_at` datetime NOT NULL, `updated_at` datetime NOT NULL) ENGINE=InnoDB
  [1m[36m (31.5ms)[0m  [1mCREATE TABLE `collections` (`id` int(11) auto_increment PRIMARY KEY, `book_id` int(11), `total_copies` int(11) DEFAULT 0, `lost_copies` int(11) DEFAULT 0, `checked_out` int(11) DEFAULT 0, `library_id` int(11), `rowrack_id` int(11), `row_id` int(11), `created_at` datetime NOT NULL, `updated_at` datetime NOT NULL) ENGINE=InnoDB[0m
  [1m[35m (40.5ms)[0m  CREATE TABLE `libraries` (`id` int(11) auto_increment PRIMARY KEY, `name` text, `address` text, `city` varchar(255), `state` varchar(255), `country` varchar(255), `total_capacity` int(11) DEFAULT 0, `created_at` datetime NOT NULL, `updated_at` datetime NOT NULL) ENGINE=InnoDB
  [1m[36m (12.6ms)[0m  [1mCREATE TABLE `rowracks` (`id` int(11) auto_increment PRIMARY KEY, `library_id` int(11), `category` varchar(255), `genre` varchar(255), `created_at` datetime NOT NULL, `updated_at` datetime NOT NULL) ENGINE=InnoDB[0m
  [1m[35m (31.1ms)[0m  CREATE TABLE `rows` (`id` int(11) auto_increment PRIMARY KEY, `rowrack_id` int(11), `library_id` int(11), `row_number` varchar(255), `created_at` datetime NOT NULL, `updated_at` datetime NOT NULL) ENGINE=InnoDB
  [1m[36m (21.1ms)[0m  [1mCREATE TABLE `schema_migrations` (`version` varchar(255) NOT NULL) ENGINE=InnoDB[0m
  [1m[35m (19.9ms)[0m  CREATE UNIQUE INDEX `unique_schema_migrations`  ON `schema_migrations` (`version`) 
  [1m[36m (0.4ms)[0m  [1mSELECT version FROM `schema_migrations`[0m
  [1m[35m (0.8ms)[0m  INSERT INTO `schema_migrations` (version) VALUES ('20161112100740')
  [1m[36m (0.3ms)[0m  [1mINSERT INTO `schema_migrations` (version) VALUES ('20161112095610')[0m
  [1m[35m (0.5ms)[0m  INSERT INTO `schema_migrations` (version) VALUES ('20161112100002')
  [1m[36m (1.3ms)[0m  [1mINSERT INTO `schema_migrations` (version) VALUES ('20161112100129')[0m
  [1m[35m (0.7ms)[0m  INSERT INTO `schema_migrations` (version) VALUES ('20161112100153')
  [1m[36m (0.4ms)[0m  [1mINSERT INTO `schema_migrations` (version) VALUES ('20161112100237')[0m
  [1m[35m (0.3ms)[0m  INSERT INTO `schema_migrations` (version) VALUES ('20161112100337')
  [1m[36m (0.3ms)[0m  [1mINSERT INTO `schema_migrations` (version) VALUES ('20161112100603')[0m
  [1m[35m (36.5ms)[0m  CREATE TABLE `author_books` (`id` int(11) auto_increment PRIMARY KEY, `created_at` datetime NOT NULL, `updated_at` datetime NOT NULL) ENGINE=InnoDB
  [1m[36m (18.4ms)[0m  [1mCREATE TABLE `authors` (`id` int(11) auto_increment PRIMARY KEY, `first_name` varchar(255), `last_name` varchar(255), `country_of_origin` varchar(255), `mini_bio` text, `wiki_link` varchar(255), `created_at` datetime NOT NULL, `updated_at` datetime NOT NULL) ENGINE=InnoDB[0m
  [1m[35m (3.3ms)[0m  CREATE TABLE `books` (`id` int(11) auto_increment PRIMARY KEY, `name` text, `isbn13` varchar(17), `isbn10` varchar(13), `cover_type` varchar(255), `language` varchar(255), `publisher` varchar(255), `published_year` datetime, `genre` varchar(255), `category` varchar(255), `created_at` datetime NOT NULL, `updated_at` datetime NOT NULL) ENGINE=InnoDB
  [1m[36m (3.9ms)[0m  [1mCREATE TABLE `borrowers` (`id` int(11) auto_increment PRIMARY KEY, `first_name` varchar(255), `last_name` varchar(255), `mobile_number` varchar(10), `city` varchar(255), `state` varchar(255), `country` varchar(255), `created_at` datetime NOT NULL, `updated_at` datetime NOT NULL) ENGINE=InnoDB[0m
  [1m[35m (33.3ms)[0m  CREATE TABLE `collections` (`id` int(11) auto_increment PRIMARY KEY, `book_id` int(11), `total_copies` int(11) DEFAULT 0, `lost_copies` int(11) DEFAULT 0, `checked_out` int(11) DEFAULT 0, `library_id` int(11), `rowrack_id` int(11), `row_id` int(11), `created_at` datetime NOT NULL, `updated_at` datetime NOT NULL) ENGINE=InnoDB
  [1m[36m (14.7ms)[0m  [1mCREATE TABLE `libraries` (`id` int(11) auto_increment PRIMARY KEY, `name` text, `address` text, `city` varchar(255), `state` varchar(255), `country` varchar(255), `total_capacity` int(11) DEFAULT 0, `created_at` datetime NOT NULL, `updated_at` datetime NOT NULL) ENGINE=InnoDB[0m
  [1m[35m (2.8ms)[0m  CREATE TABLE `rowracks` (`id` int(11) auto_increment PRIMARY KEY, `library_id` int(11), `category` varchar(255), `genre` varchar(255), `created_at` datetime NOT NULL, `updated_at` datetime NOT NULL) ENGINE=InnoDB
  [1m[36m (16.1ms)[0m  [1mCREATE TABLE `rows` (`id` int(11) auto_increment PRIMARY KEY, `rowrack_id` int(11), `library_id` int(11), `row_number` varchar(255), `created_at` datetime NOT NULL, `updated_at` datetime NOT NULL) ENGINE=InnoDB[0m
  [1m[35m (10.4ms)[0m  CREATE TABLE `schema_migrations` (`version` varchar(255) NOT NULL) ENGINE=InnoDB
  [1m[36m (37.8ms)[0m  [1mCREATE UNIQUE INDEX `unique_schema_migrations`  ON `schema_migrations` (`version`) [0m
  [1m[35m (0.8ms)[0m  SELECT version FROM `schema_migrations`
  [1m[36m (1.0ms)[0m  [1mINSERT INTO `schema_migrations` (version) VALUES ('20161112100740')[0m
  [1m[35m (0.3ms)[0m  INSERT INTO `schema_migrations` (version) VALUES ('20161112095610')
  [1m[36m (0.3ms)[0m  [1mINSERT INTO `schema_migrations` (version) VALUES ('20161112100002')[0m
  [1m[35m (0.3ms)[0m  INSERT INTO `schema_migrations` (version) VALUES ('20161112100129')
  [1m[36m (0.3ms)[0m  [1mINSERT INTO `schema_migrations` (version) VALUES ('20161112100153')[0m
  [1m[35m (0.4ms)[0m  INSERT INTO `schema_migrations` (version) VALUES ('20161112100237')
  [1m[36m (0.9ms)[0m  [1mINSERT INTO `schema_migrations` (version) VALUES ('20161112100337')[0m
  [1m[35m (0.3ms)[0m  INSERT INTO `schema_migrations` (version) VALUES ('20161112100603')
  [1m[36mActiveRecord::SchemaMigration Load (0.3ms)[0m  [1mSELECT `schema_migrations`.* FROM `schema_migrations`[0m
  [1m[36m (0.5ms)[0m  [1mDROP DATABASE IF EXISTS `dev_otcarp_db`[0m
  [1m[35m (5.4ms)[0m  DROP DATABASE IF EXISTS `test_otcarp_db`
  [1m[36m (0.2ms)[0m  [1mCREATE DATABASE `dev_otcarp_db` DEFAULT CHARACTER SET `utf8` COLLATE `utf8_unicode_ci`[0m
  [1m[35m (0.2ms)[0m  CREATE DATABASE `test_otcarp_db` DEFAULT CHARACTER SET `utf8` COLLATE `utf8_unicode_ci`
  [1m[36m (46.9ms)[0m  [1mCREATE TABLE `author_books` (`id` int(11) auto_increment PRIMARY KEY, `created_at` datetime NOT NULL, `updated_at` datetime NOT NULL) ENGINE=InnoDB[0m
  [1m[35m (48.9ms)[0m  CREATE TABLE `authors` (`id` int(11) auto_increment PRIMARY KEY, `first_name` varchar(255), `last_name` varchar(255), `country_of_origin` varchar(255), `mini_bio` text, `wiki_link` varchar(255), `created_at` datetime NOT NULL, `updated_at` datetime NOT NULL) ENGINE=InnoDB
  [1m[36m (51.2ms)[0m  [1mCREATE TABLE `books` (`id` int(11) auto_increment PRIMARY KEY, `name` text, `isbn13` varchar(17), `isbn10` varchar(13), `cover_type` varchar(255), `language` varchar(255), `publisher` varchar(255), `published_year` datetime, `genre` varchar(255), `category` varchar(255), `created_at` datetime NOT NULL, `updated_at` datetime NOT NULL) ENGINE=InnoDB[0m
  [1m[35m (10.3ms)[0m  CREATE TABLE `borrowers` (`id` int(11) auto_increment PRIMARY KEY, `first_name` varchar(255), `last_name` varchar(255), `mobile_number` varchar(10), `city` varchar(255), `state` varchar(255), `country` varchar(255), `created_at` datetime NOT NULL, `updated_at` datetime NOT NULL) ENGINE=InnoDB
  [1m[36m (35.1ms)[0m  [1mCREATE TABLE `collections` (`id` int(11) auto_increment PRIMARY KEY, `book_id` int(11), `total_copies` int(11) DEFAULT 0, `lost_copies` int(11) DEFAULT 0, `checked_out` int(11) DEFAULT 0, `library_id` int(11), `rowrack_id` int(11), `row_id` int(11), `created_at` datetime NOT NULL, `updated_at` datetime NOT NULL) ENGINE=InnoDB[0m
  [1m[35m (2.7ms)[0m  CREATE TABLE `libraries` (`id` int(11) auto_increment PRIMARY KEY, `name` text, `address` text, `city` varchar(255), `state` varchar(255), `country` varchar(255), `total_capacity` int(11) DEFAULT 0, `created_at` datetime NOT NULL, `updated_at` datetime NOT NULL) ENGINE=InnoDB
  [1m[36m (28.8ms)[0m  [1mCREATE TABLE `rowracks` (`id` int(11) auto_increment PRIMARY KEY, `library_id` int(11), `category` varchar(255), `genre` varchar(255), `created_at` datetime NOT NULL, `updated_at` datetime NOT NULL) ENGINE=InnoDB[0m
  [1m[35m (12.5ms)[0m  CREATE TABLE `rows` (`id` int(11) auto_increment PRIMARY KEY, `rowrack_id` int(11), `library_id` int(11), `row_number` varchar(255), `created_at` datetime NOT NULL, `updated_at` datetime NOT NULL) ENGINE=InnoDB
  [1m[36m (2.6ms)[0m  [1mCREATE TABLE `schema_migrations` (`version` varchar(255) NOT NULL) ENGINE=InnoDB[0m
  [1m[35m (25.6ms)[0m  CREATE UNIQUE INDEX `unique_schema_migrations`  ON `schema_migrations` (`version`) 
  [1m[36m (0.2ms)[0m  [1mSELECT version FROM `schema_migrations`[0m
  [1m[35m (0.4ms)[0m  INSERT INTO `schema_migrations` (version) VALUES ('20161112100740')
  [1m[36m (0.3ms)[0m  [1mINSERT INTO `schema_migrations` (version) VALUES ('20161112095610')[0m
  [1m[35m (0.6ms)[0m  INSERT INTO `schema_migrations` (version) VALUES ('20161112100002')
  [1m[36m (0.4ms)[0m  [1mINSERT INTO `schema_migrations` (version) VALUES ('20161112100129')[0m
  [1m[35m (0.5ms)[0m  INSERT INTO `schema_migrations` (version) VALUES ('20161112100153')
  [1m[36m (0.3ms)[0m  [1mINSERT INTO `schema_migrations` (version) VALUES ('20161112100237')[0m
  [1m[35m (0.3ms)[0m  INSERT INTO `schema_migrations` (version) VALUES ('20161112100337')
  [1m[36m (0.3ms)[0m  [1mINSERT INTO `schema_migrations` (version) VALUES ('20161112100603')[0m
  [1m[35m (3.2ms)[0m  CREATE TABLE `author_books` (`id` int(11) auto_increment PRIMARY KEY, `created_at` datetime NOT NULL, `updated_at` datetime NOT NULL) ENGINE=InnoDB
  [1m[36m (12.2ms)[0m  [1mCREATE TABLE `authors` (`id` int(11) auto_increment PRIMARY KEY, `first_name` varchar(255), `last_name` varchar(255), `country_of_origin` varchar(255), `mini_bio` text, `wiki_link` varchar(255), `created_at` datetime NOT NULL, `updated_at` datetime NOT NULL) ENGINE=InnoDB[0m
  [1m[35m (36.8ms)[0m  CREATE TABLE `books` (`id` int(11) auto_increment PRIMARY KEY, `name` text, `isbn13` varchar(17), `isbn10` varchar(13), `cover_type` varchar(255), `language` varchar(255), `publisher` varchar(255), `published_year` datetime, `genre` varchar(255), `category` varchar(255), `created_at` datetime NOT NULL, `updated_at` datetime NOT NULL) ENGINE=InnoDB
  [1m[36m (62.9ms)[0m  [1mCREATE TABLE `borrowers` (`id` int(11) auto_increment PRIMARY KEY, `first_name` varchar(255), `last_name` varchar(255), `mobile_number` varchar(10), `city` varchar(255), `state` varchar(255), `country` varchar(255), `created_at` datetime NOT NULL, `updated_at` datetime NOT NULL) ENGINE=InnoDB[0m
  [1m[35m (3.3ms)[0m  CREATE TABLE `collections` (`id` int(11) auto_increment PRIMARY KEY, `book_id` int(11), `total_copies` int(11) DEFAULT 0, `lost_copies` int(11) DEFAULT 0, `checked_out` int(11) DEFAULT 0, `library_id` int(11), `rowrack_id` int(11), `row_id` int(11), `created_at` datetime NOT NULL, `updated_at` datetime NOT NULL) ENGINE=InnoDB
  [1m[36m (24.9ms)[0m  [1mCREATE TABLE `libraries` (`id` int(11) auto_increment PRIMARY KEY, `name` text, `address` text, `city` varchar(255), `state` varchar(255), `country` varchar(255), `total_capacity` int(11) DEFAULT 0, `created_at` datetime NOT NULL, `updated_at` datetime NOT NULL) ENGINE=InnoDB[0m
  [1m[35m (3.5ms)[0m  CREATE TABLE `rowracks` (`id` int(11) auto_increment PRIMARY KEY, `library_id` int(11), `category` varchar(255), `genre` varchar(255), `created_at` datetime NOT NULL, `updated_at` datetime NOT NULL) ENGINE=InnoDB
  [1m[36m (17.9ms)[0m  [1mCREATE TABLE `rows` (`id` int(11) auto_increment PRIMARY KEY, `rowrack_id` int(11), `library_id` int(11), `row_number` varchar(255), `created_at` datetime NOT NULL, `updated_at` datetime NOT NULL) ENGINE=InnoDB[0m
  [1m[35m (15.7ms)[0m  CREATE TABLE `schema_migrations` (`version` varchar(255) NOT NULL) ENGINE=InnoDB
  [1m[36m (29.1ms)[0m  [1mCREATE UNIQUE INDEX `unique_schema_migrations`  ON `schema_migrations` (`version`) [0m
  [1m[35m (0.8ms)[0m  SELECT version FROM `schema_migrations`
  [1m[36m (1.4ms)[0m  [1mINSERT INTO `schema_migrations` (version) VALUES ('20161112100740')[0m
  [1m[35m (1.1ms)[0m  INSERT INTO `schema_migrations` (version) VALUES ('20161112095610')
  [1m[36m (0.4ms)[0m  [1mINSERT INTO `schema_migrations` (version) VALUES ('20161112100002')[0m
  [1m[35m (0.3ms)[0m  INSERT INTO `schema_migrations` (version) VALUES ('20161112100129')
  [1m[36m (0.6ms)[0m  [1mINSERT INTO `schema_migrations` (version) VALUES ('20161112100153')[0m
  [1m[35m (0.4ms)[0m  INSERT INTO `schema_migrations` (version) VALUES ('20161112100237')
  [1m[36m (0.5ms)[0m  [1mINSERT INTO `schema_migrations` (version) VALUES ('20161112100337')[0m
  [1m[35m (0.3ms)[0m  INSERT INTO `schema_migrations` (version) VALUES ('20161112100603')
  [1m[36mActiveRecord::SchemaMigration Load (0.2ms)[0m  [1mSELECT `schema_migrations`.* FROM `schema_migrations`[0m
  [1m[36m (24.4ms)[0m  [1mDROP DATABASE IF EXISTS `dev_otcarp_db`[0m
  [1m[35m (4.3ms)[0m  DROP DATABASE IF EXISTS `test_otcarp_db`
  [1m[36m (0.2ms)[0m  [1mCREATE DATABASE `dev_otcarp_db` DEFAULT CHARACTER SET `utf8` COLLATE `utf8_unicode_ci`[0m
  [1m[35m (0.1ms)[0m  CREATE DATABASE `test_otcarp_db` DEFAULT CHARACTER SET `utf8` COLLATE `utf8_unicode_ci`
  [1m[36m (29.9ms)[0m  [1mCREATE TABLE `author_books` (`id` int(11) auto_increment PRIMARY KEY, `created_at` datetime NOT NULL, `updated_at` datetime NOT NULL) ENGINE=InnoDB[0m
  [1m[35m (25.6ms)[0m  CREATE TABLE `authors` (`id` int(11) auto_increment PRIMARY KEY, `first_name` varchar(255), `last_name` varchar(255), `country_of_origin` varchar(255), `mini_bio` text, `wiki_link` varchar(255), `created_at` datetime NOT NULL, `updated_at` datetime NOT NULL) ENGINE=InnoDB
  [1m[36m (28.9ms)[0m  [1mCREATE TABLE `books` (`id` int(11) auto_increment PRIMARY KEY, `name` text, `isbn13` varchar(17), `isbn10` varchar(13), `cover_type` varchar(255), `language` varchar(255), `publisher` varchar(255), `published_year` datetime, `genre` varchar(255), `category` varchar(255), `created_at` datetime NOT NULL, `updated_at` datetime NOT NULL) ENGINE=InnoDB[0m
  [1m[35m (31.1ms)[0m  CREATE TABLE `borrowers` (`id` int(11) auto_increment PRIMARY KEY, `first_name` varchar(255), `last_name` varchar(255), `mobile_number` varchar(10), `city` varchar(255), `state` varchar(255), `country` varchar(255), `created_at` datetime NOT NULL, `updated_at` datetime NOT NULL) ENGINE=InnoDB
  [1m[36m (21.7ms)[0m  [1mCREATE TABLE `collections` (`id` int(11) auto_increment PRIMARY KEY, `book_id` int(11), `total_copies` int(11) DEFAULT 0, `lost_copies` int(11) DEFAULT 0, `checked_out` int(11) DEFAULT 0, `library_id` int(11), `rowrack_id` int(11), `row_id` int(11), `created_at` datetime NOT NULL, `updated_at` datetime NOT NULL) ENGINE=InnoDB[0m
  [1m[35m (24.8ms)[0m  CREATE TABLE `libraries` (`id` int(11) auto_increment PRIMARY KEY, `name` text, `address` text, `city` varchar(255), `state` varchar(255), `country` varchar(255), `total_capacity` int(11) DEFAULT 0, `created_at` datetime NOT NULL, `updated_at` datetime NOT NULL) ENGINE=InnoDB
  [1m[36m (29.0ms)[0m  [1mCREATE TABLE `rowracks` (`id` int(11) auto_increment PRIMARY KEY, `library_id` int(11), `category` varchar(255), `genre` varchar(255), `created_at` datetime NOT NULL, `updated_at` datetime NOT NULL) ENGINE=InnoDB[0m
  [1m[35m (11.8ms)[0m  CREATE TABLE `rows` (`id` int(11) auto_increment PRIMARY KEY, `rowrack_id` int(11), `library_id` int(11), `row_number` varchar(255), `created_at` datetime NOT NULL, `updated_at` datetime NOT NULL) ENGINE=InnoDB
  [1m[36m (2.6ms)[0m  [1mCREATE TABLE `schema_migrations` (`version` varchar(255) NOT NULL) ENGINE=InnoDB[0m
  [1m[35m (18.3ms)[0m  CREATE UNIQUE INDEX `unique_schema_migrations`  ON `schema_migrations` (`version`) 
  [1m[36m (0.3ms)[0m  [1mSELECT version FROM `schema_migrations`[0m
  [1m[35m (1.3ms)[0m  INSERT INTO `schema_migrations` (version) VALUES ('20161112100740')
  [1m[36m (1.2ms)[0m  [1mINSERT INTO `schema_migrations` (version) VALUES ('20161112095610')[0m
  [1m[35m (0.4ms)[0m  INSERT INTO `schema_migrations` (version) VALUES ('20161112100002')
  [1m[36m (0.3ms)[0m  [1mINSERT INTO `schema_migrations` (version) VALUES ('20161112100129')[0m
  [1m[35m (0.3ms)[0m  INSERT INTO `schema_migrations` (version) VALUES ('20161112100153')
  [1m[36m (0.3ms)[0m  [1mINSERT INTO `schema_migrations` (version) VALUES ('20161112100237')[0m
  [1m[35m (0.5ms)[0m  INSERT INTO `schema_migrations` (version) VALUES ('20161112100337')
  [1m[36m (0.3ms)[0m  [1mINSERT INTO `schema_migrations` (version) VALUES ('20161112100603')[0m
  [1m[35m (25.2ms)[0m  CREATE TABLE `author_books` (`id` int(11) auto_increment PRIMARY KEY, `created_at` datetime NOT NULL, `updated_at` datetime NOT NULL) ENGINE=InnoDB
  [1m[36m (12.9ms)[0m  [1mCREATE TABLE `authors` (`id` int(11) auto_increment PRIMARY KEY, `first_name` varchar(255), `last_name` varchar(255), `country_of_origin` varchar(255), `mini_bio` text, `wiki_link` varchar(255), `created_at` datetime NOT NULL, `updated_at` datetime NOT NULL) ENGINE=InnoDB[0m
  [1m[35m (4.0ms)[0m  CREATE TABLE `books` (`id` int(11) auto_increment PRIMARY KEY, `name` text, `isbn13` varchar(17), `isbn10` varchar(13), `cover_type` varchar(255), `language` varchar(255), `publisher` varchar(255), `published_year` datetime, `genre` varchar(255), `category` varchar(255), `created_at` datetime NOT NULL, `updated_at` datetime NOT NULL) ENGINE=InnoDB
  [1m[36m (2.6ms)[0m  [1mCREATE TABLE `borrowers` (`id` int(11) auto_increment PRIMARY KEY, `first_name` varchar(255), `last_name` varchar(255), `mobile_number` varchar(10), `city` varchar(255), `state` varchar(255), `country` varchar(255), `created_at` datetime NOT NULL, `updated_at` datetime NOT NULL) ENGINE=InnoDB[0m
  [1m[35m (10.9ms)[0m  CREATE TABLE `collections` (`id` int(11) auto_increment PRIMARY KEY, `book_id` int(11), `total_copies` int(11) DEFAULT 0, `lost_copies` int(11) DEFAULT 0, `checked_out` int(11) DEFAULT 0, `library_id` int(11), `rowrack_id` int(11), `row_id` int(11), `created_at` datetime NOT NULL, `updated_at` datetime NOT NULL) ENGINE=InnoDB
  [1m[36m (33.8ms)[0m  [1mCREATE TABLE `libraries` (`id` int(11) auto_increment PRIMARY KEY, `name` text, `address` text, `city` varchar(255), `state` varchar(255), `country` varchar(255), `total_capacity` int(11) DEFAULT 0, `created_at` datetime NOT NULL, `updated_at` datetime NOT NULL) ENGINE=InnoDB[0m
  [1m[35m (10.7ms)[0m  CREATE TABLE `rowracks` (`id` int(11) auto_increment PRIMARY KEY, `library_id` int(11), `category` varchar(255), `genre` varchar(255), `created_at` datetime NOT NULL, `updated_at` datetime NOT NULL) ENGINE=InnoDB
  [1m[36m (38.9ms)[0m  [1mCREATE TABLE `rows` (`id` int(11) auto_increment PRIMARY KEY, `rowrack_id` int(11), `library_id` int(11), `row_number` varchar(255), `created_at` datetime NOT NULL, `updated_at` datetime NOT NULL) ENGINE=InnoDB[0m
  [1m[35m (17.8ms)[0m  CREATE TABLE `schema_migrations` (`version` varchar(255) NOT NULL) ENGINE=InnoDB
  [1m[36m (29.9ms)[0m  [1mCREATE UNIQUE INDEX `unique_schema_migrations`  ON `schema_migrations` (`version`) [0m
  [1m[35m (0.2ms)[0m  SELECT version FROM `schema_migrations`
  [1m[36m (0.8ms)[0m  [1mINSERT INTO `schema_migrations` (version) VALUES ('20161112100740')[0m
  [1m[35m (0.3ms)[0m  INSERT INTO `schema_migrations` (version) VALUES ('20161112095610')
  [1m[36m (0.5ms)[0m  [1mINSERT INTO `schema_migrations` (version) VALUES ('20161112100002')[0m
  [1m[35m (0.7ms)[0m  INSERT INTO `schema_migrations` (version) VALUES ('20161112100129')
  [1m[36m (0.3ms)[0m  [1mINSERT INTO `schema_migrations` (version) VALUES ('20161112100153')[0m
  [1m[35m (0.3ms)[0m  INSERT INTO `schema_migrations` (version) VALUES ('20161112100237')
  [1m[36m (0.3ms)[0m  [1mINSERT INTO `schema_migrations` (version) VALUES ('20161112100337')[0m
  [1m[35m (0.3ms)[0m  INSERT INTO `schema_migrations` (version) VALUES ('20161112100603')
  [1m[36mActiveRecord::SchemaMigration Load (0.2ms)[0m  [1mSELECT `schema_migrations`.* FROM `schema_migrations`[0m
  [1m[36mBook Load (0.3ms)[0m  [1mSELECT  `books`.* FROM `books`  ORDER BY `books`.`id` DESC LIMIT 1[0m
  [1m[35m (0.5ms)[0m  BEGIN
  [1m[36mSQL (0.3ms)[0m  [1mINSERT INTO `books` (`created_at`, `updated_at`) VALUES ('2016-11-12 12:36:13', '2016-11-12 12:36:13')[0m
  [1m[35m (0.6ms)[0m  COMMIT
  [1m[36m (0.2ms)[0m  [1mBEGIN[0m
  [1m[35mSQL (0.3ms)[0m  INSERT INTO `authors` (`created_at`, `updated_at`) VALUES ('2016-11-12 12:36:17', '2016-11-12 12:36:17')
  [1m[36m (1.1ms)[0m  [1mCOMMIT[0m
  [1m[35mAuthor Load (0.6ms)[0m  SELECT `authors`.* FROM `authors` INNER JOIN `author_books` ON `authors`.`id` = `author_books`.`author_id` WHERE `author_books`.`book_id` = 1
  [1m[36m (23.2ms)[0m  [1mCREATE TABLE `schema_migrations` (`version` varchar(255) NOT NULL) ENGINE=InnoDB[0m
  [1m[35m (31.1ms)[0m  CREATE UNIQUE INDEX `unique_schema_migrations`  ON `schema_migrations` (`version`) 
  [1m[36mActiveRecord::SchemaMigration Load (0.2ms)[0m  [1mSELECT `schema_migrations`.* FROM `schema_migrations`[0m
Migrating to CreateBooks (20161112095610)
  [1m[35m (36.0ms)[0m  CREATE TABLE `books` (`id` int(11) auto_increment PRIMARY KEY, `name` text, `isbn13` varchar(17), `isbn10` varchar(13), `cover_type` varchar(255), `language` varchar(255), `publisher` varchar(255), `published_year` datetime, `genre` varchar(255), `category` varchar(255), `created_at` datetime NOT NULL, `updated_at` datetime NOT NULL) ENGINE=InnoDB
  [1m[36m (0.2ms)[0m  [1mBEGIN[0m
  [1m[35mSQL (0.2ms)[0m  INSERT INTO `schema_migrations` (`version`) VALUES ('20161112095610')
  [1m[36m (1.0ms)[0m  [1mCOMMIT[0m
Migrating to CreateLibraries (20161112100002)
  [1m[35m (19.4ms)[0m  CREATE TABLE `libraries` (`id` int(11) auto_increment PRIMARY KEY, `name` text, `address` text, `city` varchar(255), `state` varchar(255), `country` varchar(255), `total_capacity` int(11) DEFAULT 0, `created_at` datetime NOT NULL, `updated_at` datetime NOT NULL) ENGINE=InnoDB
  [1m[36m (0.2ms)[0m  [1mBEGIN[0m
  [1m[35mSQL (0.2ms)[0m  INSERT INTO `schema_migrations` (`version`) VALUES ('20161112100002')
  [1m[36m (0.6ms)[0m  [1mCOMMIT[0m
Migrating to CreateRowracks (20161112100129)
  [1m[35m (25.4ms)[0m  CREATE TABLE `rowracks` (`id` int(11) auto_increment PRIMARY KEY, `library_id` int(11), `category` varchar(255), `genre` varchar(255), `created_at` datetime NOT NULL, `updated_at` datetime NOT NULL) ENGINE=InnoDB
  [1m[36m (0.3ms)[0m  [1mBEGIN[0m
  [1m[35mSQL (0.3ms)[0m  INSERT INTO `schema_migrations` (`version`) VALUES ('20161112100129')
  [1m[36m (0.7ms)[0m  [1mCOMMIT[0m
Migrating to CreateRows (20161112100153)
  [1m[35m (19.7ms)[0m  CREATE TABLE `rows` (`id` int(11) auto_increment PRIMARY KEY, `rowrack_id` int(11), `library_id` int(11), `row_number` varchar(255), `created_at` datetime NOT NULL, `updated_at` datetime NOT NULL) ENGINE=InnoDB
  [1m[36m (0.1ms)[0m  [1mBEGIN[0m
  [1m[35mSQL (0.2ms)[0m  INSERT INTO `schema_migrations` (`version`) VALUES ('20161112100153')
  [1m[36m (0.8ms)[0m  [1mCOMMIT[0m
Migrating to CreateBorrowers (20161112100237)
  [1m[35m (13.0ms)[0m  CREATE TABLE `borrowers` (`id` int(11) auto_increment PRIMARY KEY, `first_name` varchar(255), `last_name` varchar(255), `mobile_number` varchar(10), `city` varchar(255), `state` varchar(255), `country` varchar(255), `created_at` datetime NOT NULL, `updated_at` datetime NOT NULL) ENGINE=InnoDB
  [1m[36m (0.2ms)[0m  [1mBEGIN[0m
  [1m[35mSQL (0.3ms)[0m  INSERT INTO `schema_migrations` (`version`) VALUES ('20161112100237')
  [1m[36m (0.9ms)[0m  [1mCOMMIT[0m
Migrating to CreateCollections (20161112100337)
  [1m[35m (16.8ms)[0m  CREATE TABLE `collections` (`id` int(11) auto_increment PRIMARY KEY, `book_id` int(11), `total_copies` int(11) DEFAULT 0, `lost_copies` int(11) DEFAULT 0, `checked_out` int(11) DEFAULT 0, `library_id` int(11), `rowrack_id` int(11), `row_id` int(11), `created_at` datetime NOT NULL, `updated_at` datetime NOT NULL) ENGINE=InnoDB
  [1m[36m (0.2ms)[0m  [1mBEGIN[0m
  [1m[35mSQL (0.2ms)[0m  INSERT INTO `schema_migrations` (`version`) VALUES ('20161112100337')
  [1m[36m (1.1ms)[0m  [1mCOMMIT[0m
Migrating to CreateAuthors (20161112100603)
  [1m[35m (144.9ms)[0m  CREATE TABLE `authors` (`id` int(11) auto_increment PRIMARY KEY, `first_name` varchar(255), `last_name` varchar(255), `country_of_origin` varchar(255), `mini_bio` text, `wiki_link` varchar(255), `created_at` datetime NOT NULL, `updated_at` datetime NOT NULL) ENGINE=InnoDB
  [1m[36m (0.1ms)[0m  [1mBEGIN[0m
  [1m[35mSQL (0.2ms)[0m  INSERT INTO `schema_migrations` (`version`) VALUES ('20161112100603')
  [1m[36m (0.8ms)[0m  [1mCOMMIT[0m
Migrating to CreateAuthorBooks (20161112100740)
  [1m[35m (251.0ms)[0m  CREATE TABLE `author_books` (`id` int(11) auto_increment PRIMARY KEY, `author_id` int(11), `book_id` int(11), `created_at` datetime NOT NULL, `updated_at` datetime NOT NULL,  INDEX `index_author_books_on_author_id`  (`author_id`) ,  INDEX `index_author_books_on_book_id`  (`book_id`) ) ENGINE=InnoDB
  [1m[36m (0.3ms)[0m  [1mBEGIN[0m
  [1m[35mSQL (0.2ms)[0m  INSERT INTO `schema_migrations` (`version`) VALUES ('20161112100740')
  [1m[36m (1.0ms)[0m  [1mCOMMIT[0m
  [1m[35mActiveRecord::SchemaMigration Load (0.2ms)[0m  SELECT `schema_migrations`.* FROM `schema_migrations`
  [1m[36m (0.2ms)[0m  [1mSELECT fk.referenced_table_name as 'to_table'
      ,fk.referenced_column_name as 'primary_key'
      ,fk.column_name as 'column'
      ,fk.constraint_name as 'name'
FROM information_schema.key_column_usage fk
WHERE fk.referenced_column_name is not null
  AND fk.table_schema = 'dev_otcarp_db'
  AND fk.table_name = 'author_books'
[0m
  [1m[35m (0.1ms)[0m  SHOW CREATE TABLE `author_books`
  [1m[36m (0.2ms)[0m  [1mSELECT fk.referenced_table_name as 'to_table'
      ,fk.referenced_column_name as 'primary_key'
      ,fk.column_name as 'column'
      ,fk.constraint_name as 'name'
FROM information_schema.key_column_usage fk
WHERE fk.referenced_column_name is not null
  AND fk.table_schema = 'dev_otcarp_db'
  AND fk.table_name = 'authors'
[0m
  [1m[35m (0.3ms)[0m  SHOW CREATE TABLE `authors`
  [1m[36m (0.2ms)[0m  [1mSELECT fk.referenced_table_name as 'to_table'
      ,fk.referenced_column_name as 'primary_key'
      ,fk.column_name as 'column'
      ,fk.constraint_name as 'name'
FROM information_schema.key_column_usage fk
WHERE fk.referenced_column_name is not null
  AND fk.table_schema = 'dev_otcarp_db'
  AND fk.table_name = 'books'
[0m
  [1m[35m (0.2ms)[0m  SHOW CREATE TABLE `books`
  [1m[36m (0.2ms)[0m  [1mSELECT fk.referenced_table_name as 'to_table'
      ,fk.referenced_column_name as 'primary_key'
      ,fk.column_name as 'column'
      ,fk.constraint_name as 'name'
FROM information_schema.key_column_usage fk
WHERE fk.referenced_column_name is not null
  AND fk.table_schema = 'dev_otcarp_db'
  AND fk.table_name = 'borrowers'
[0m
  [1m[35m (0.1ms)[0m  SHOW CREATE TABLE `borrowers`
  [1m[36m (0.2ms)[0m  [1mSELECT fk.referenced_table_name as 'to_table'
      ,fk.referenced_column_name as 'primary_key'
      ,fk.column_name as 'column'
      ,fk.constraint_name as 'name'
FROM information_schema.key_column_usage fk
WHERE fk.referenced_column_name is not null
  AND fk.table_schema = 'dev_otcarp_db'
  AND fk.table_name = 'collections'
[0m
  [1m[35m (0.1ms)[0m  SHOW CREATE TABLE `collections`
  [1m[36m (0.2ms)[0m  [1mSELECT fk.referenced_table_name as 'to_table'
      ,fk.referenced_column_name as 'primary_key'
      ,fk.column_name as 'column'
      ,fk.constraint_name as 'name'
FROM information_schema.key_column_usage fk
WHERE fk.referenced_column_name is not null
  AND fk.table_schema = 'dev_otcarp_db'
  AND fk.table_name = 'libraries'
[0m
  [1m[35m (0.1ms)[0m  SHOW CREATE TABLE `libraries`
  [1m[36m (0.2ms)[0m  [1mSELECT fk.referenced_table_name as 'to_table'
      ,fk.referenced_column_name as 'primary_key'
      ,fk.column_name as 'column'
      ,fk.constraint_name as 'name'
FROM information_schema.key_column_usage fk
WHERE fk.referenced_column_name is not null
  AND fk.table_schema = 'dev_otcarp_db'
  AND fk.table_name = 'rowracks'
[0m
  [1m[35m (0.1ms)[0m  SHOW CREATE TABLE `rowracks`
  [1m[36m (0.2ms)[0m  [1mSELECT fk.referenced_table_name as 'to_table'
      ,fk.referenced_column_name as 'primary_key'
      ,fk.column_name as 'column'
      ,fk.constraint_name as 'name'
FROM information_schema.key_column_usage fk
WHERE fk.referenced_column_name is not null
  AND fk.table_schema = 'dev_otcarp_db'
  AND fk.table_name = 'rows'
[0m
  [1m[35m (0.1ms)[0m  SHOW CREATE TABLE `rows`
  [1m[36m (0.2ms)[0m  [1mBEGIN[0m
  [1m[35mSQL (0.3ms)[0m  INSERT INTO `books` (`created_at`, `updated_at`) VALUES ('2016-11-12 12:38:00', '2016-11-12 12:38:00')
  [1m[36m (0.8ms)[0m  [1mCOMMIT[0m
  [1m[35mBook Load (0.7ms)[0m  SELECT  `books`.* FROM `books`  ORDER BY `books`.`id` DESC LIMIT 1
  [1m[36mAuthor Load (0.4ms)[0m  [1mSELECT `authors`.* FROM `authors` INNER JOIN `author_books` ON `authors`.`id` = `author_books`.`author_id` WHERE `author_books`.`book_id` = 1[0m
  [1m[35m (0.2ms)[0m  BEGIN
  [1m[36mSQL (0.3ms)[0m  [1mINSERT INTO `authors` (`created_at`, `updated_at`) VALUES ('2016-11-12 12:38:12', '2016-11-12 12:38:12')[0m
  [1m[35m (0.5ms)[0m  COMMIT
  [1m[36mBook Load (0.8ms)[0m  [1mSELECT  `books`.* FROM `books`  ORDER BY `books`.`id` DESC LIMIT 1[0m
  [1m[35mAuthor Load (0.5ms)[0m  SELECT `authors`.* FROM `authors` INNER JOIN `author_books` ON `authors`.`id` = `author_books`.`author_id` WHERE `author_books`.`book_id` = 1
  [1m[36mAuthor Load (0.4ms)[0m  [1mSELECT  `authors`.* FROM `authors`  ORDER BY `authors`.`id` DESC LIMIT 1[0m
  [1m[35m (0.1ms)[0m  BEGIN
  [1m[36mSQL (0.3ms)[0m  [1mINSERT INTO `author_books` (`book_id`, `author_id`, `created_at`, `updated_at`) VALUES (1, 1, '2016-11-12 12:38:29', '2016-11-12 12:38:29')[0m
  [1m[35m (0.9ms)[0m  COMMIT
  [1m[36mBook Load (0.3ms)[0m  [1mSELECT  `books`.* FROM `books`  ORDER BY `books`.`id` DESC LIMIT 1[0m
  [1m[35mAuthor Load (0.4ms)[0m  SELECT `authors`.* FROM `authors` INNER JOIN `author_books` ON `authors`.`id` = `author_books`.`author_id` WHERE `author_books`.`book_id` = 1
  [1m[36mBook Load (0.5ms)[0m  [1mSELECT  `books`.* FROM `books`  ORDER BY `books`.`id` DESC LIMIT 1[0m
  [1m[35mAuthor Load (0.4ms)[0m  SELECT  `authors`.* FROM `authors` INNER JOIN `author_books` ON `authors`.`id` = `author_books`.`author_id` WHERE `author_books`.`book_id` = 1  ORDER BY `authors`.`id` DESC LIMIT 1
  [1m[36mBook Load (0.4ms)[0m  [1mSELECT  `books`.* FROM `books`  ORDER BY `books`.`id` DESC LIMIT 1[0m
  [1m[35mBook Load (0.4ms)[0m  SELECT  `books`.* FROM `books`  ORDER BY `books`.`id` DESC LIMIT 1
  [1m[36mAuthor Load (0.4ms)[0m  [1mSELECT `authors`.* FROM `authors` INNER JOIN `author_books` ON `authors`.`id` = `author_books`.`author_id` WHERE `author_books`.`book_id` = 1[0m
  [1m[35mAuthor Load (0.2ms)[0m  SELECT  `authors`.* FROM `authors`  ORDER BY `authors`.`id` DESC LIMIT 1
  [1m[36mBook Load (0.4ms)[0m  [1mSELECT `books`.* FROM `books` WHERE `books`.`author_id` = 1[0m
  [1m[36mAuthor Load (0.3ms)[0m  [1mSELECT  `authors`.* FROM `authors`  ORDER BY `authors`.`id` DESC LIMIT 1[0m
  [1m[35mBook Load (0.6ms)[0m  SELECT `books`.* FROM `books` INNER JOIN `author_books` ON `books`.`id` = `author_books`.`book_id` WHERE `author_books`.`author_id` = 1
  [1m[36m (0.3ms)[0m  [1mBEGIN[0m
  [1m[35mSQL (0.3ms)[0m  INSERT INTO `libraries` (`created_at`, `updated_at`) VALUES ('2016-11-12 13:54:33', '2016-11-12 13:54:33')
  [1m[36m (0.8ms)[0m  [1mCOMMIT[0m
  [1m[35mBook Load (0.3ms)[0m  SELECT  `books`.* FROM `books`  ORDER BY `books`.`id` DESC LIMIT 1
  [1m[36mBook Load (0.7ms)[0m  [1mSELECT  `books`.* FROM `books`  ORDER BY `books`.`id` DESC LIMIT 1[0m
  [1m[35mBook Load (0.4ms)[0m  SELECT  `books`.* FROM `books`  ORDER BY `books`.`id` DESC LIMIT 1
  [1m[36mAuthor Load (0.4ms)[0m  [1mSELECT `authors`.* FROM `authors` INNER JOIN `author_books` ON `authors`.`id` = `author_books`.`author_id` WHERE `author_books`.`book_id` = 1[0m
  [1m[35mBook Load (0.3ms)[0m  SELECT  `books`.* FROM `books`  ORDER BY `books`.`id` DESC LIMIT 1
  [1m[36mAuthor Load (0.3ms)[0m  [1mSELECT `authors`.* FROM `authors` INNER JOIN `author_books` ON `authors`.`id` = `author_books`.`author_id` WHERE `author_books`.`book_id` = 1[0m
  [1m[35m (0.2ms)[0m  BEGIN
  [1m[36mSQL (0.4ms)[0m  [1mINSERT INTO `libraries` (`created_at`, `updated_at`) VALUES ('2016-11-12 13:56:10', '2016-11-12 13:56:10')[0m
  [1m[35m (0.7ms)[0m  COMMIT
  [1m[36mLibrary Load (0.3ms)[0m  [1mSELECT `libraries`.* FROM `libraries`[0m
  [1m[35mLibrary Load (0.5ms)[0m  SELECT  `libraries`.* FROM `libraries`  ORDER BY `libraries`.`id` DESC LIMIT 1
  [1m[36mLibrary Load (0.4ms)[0m  [1mSELECT  `libraries`.* FROM `libraries`  ORDER BY `libraries`.`id` DESC LIMIT 1[0m
  [1m[35mLibrary Load (0.2ms)[0m  SELECT  `libraries`.* FROM `libraries`  ORDER BY `libraries`.`id` DESC LIMIT 1
  [1m[36mLibrary Load (0.3ms)[0m  [1mSELECT  `libraries`.* FROM `libraries`  ORDER BY `libraries`.`id` DESC LIMIT 1[0m
  [1m[35mLibrary Load (0.4ms)[0m  SELECT  `libraries`.* FROM `libraries`  ORDER BY `libraries`.`id` DESC LIMIT 1
  [1m[36mLibrary Load (0.7ms)[0m  [1mSELECT  `libraries`.* FROM `libraries`  ORDER BY `libraries`.`id` DESC LIMIT 1[0m
  [1m[35mLibrary Load (0.4ms)[0m  SELECT  `libraries`.* FROM `libraries`  ORDER BY `libraries`.`id` DESC LIMIT 1
  [1m[36mLibrary Load (0.2ms)[0m  [1mSELECT  `libraries`.* FROM `libraries`  ORDER BY `libraries`.`id` DESC LIMIT 1[0m
  [1m[35mLibrary Load (0.9ms)[0m  SELECT  `libraries`.* FROM `libraries`  ORDER BY `libraries`.`id` DESC LIMIT 1
  [1m[36mLibrary Load (0.2ms)[0m  [1mSELECT  `libraries`.* FROM `libraries`  ORDER BY `libraries`.`id` DESC LIMIT 1[0m
  [1m[35mBook Load (0.6ms)[0m  SELECT  `books`.* FROM `books`  ORDER BY `books`.`id` DESC LIMIT 1
  [1m[36mBook Load (0.5ms)[0m  [1mSELECT  `books`.* FROM `books`  ORDER BY `books`.`id` DESC LIMIT 1[0m
  [1m[35mBook Load (0.3ms)[0m  SELECT  `books`.* FROM `books`  ORDER BY `books`.`id` DESC LIMIT 1
  [1m[36mBook Load (0.4ms)[0m  [1mSELECT  `books`.* FROM `books`  ORDER BY `books`.`id` DESC LIMIT 1[0m
  [1m[35mBook Load (0.2ms)[0m  SELECT  `books`.* FROM `books`  ORDER BY `books`.`id` DESC LIMIT 1
  [1m[36mBook Load (0.6ms)[0m  [1mSELECT  `books`.* FROM `books`  ORDER BY `books`.`id` DESC LIMIT 1[0m
  [1m[35mBook Load (0.3ms)[0m  SELECT  `books`.* FROM `books`  ORDER BY `books`.`id` DESC LIMIT 1
  [1m[36mBook Load (0.1ms)[0m  [1mSELECT  `books`.* FROM `books`  ORDER BY `books`.`id` DESC LIMIT 1[0m
  [1m[35mLibrary Load (0.3ms)[0m  SELECT `libraries`.* FROM `libraries` INNER JOIN `collections` ON `libraries`.`id` = `collections`.`library_id` WHERE `collections`.`book_id` = 1
  [1m[36mLibrary Load (0.4ms)[0m  [1mSELECT  `libraries`.* FROM `libraries`  ORDER BY `libraries`.`id` DESC LIMIT 1[0m
  [1m[35mLibrary Load (0.2ms)[0m  SELECT  `libraries`.* FROM `libraries`  ORDER BY `libraries`.`id` DESC LIMIT 1
  [1m[36mBook Load (0.3ms)[0m  [1mSELECT `books`.* FROM `books` WHERE `books`.`library_id` = 2[0m
  [1m[35mLibrary Load (0.2ms)[0m  SELECT  `libraries`.* FROM `libraries`  ORDER BY `libraries`.`id` DESC LIMIT 1
  [1m[36mBook Load (0.2ms)[0m  [1mSELECT `books`.* FROM `books` WHERE `books`.`library_id` = 2[0m
  [1m[35mLibrary Load (0.2ms)[0m  SELECT  `libraries`.* FROM `libraries`  ORDER BY `libraries`.`id` DESC LIMIT 1
  [1m[36mBook Load (0.2ms)[0m  [1mSELECT  `books`.* FROM `books`  ORDER BY `books`.`id` DESC LIMIT 1[0m
  [1m[35mBook Load (0.7ms)[0m  SELECT  `books`.* FROM `books`  ORDER BY `books`.`id` DESC LIMIT 1
  [1m[36mAuthor Load (0.3ms)[0m  [1mSELECT `authors`.* FROM `authors` INNER JOIN `author_books` ON `authors`.`id` = `author_books`.`author_id` WHERE `author_books`.`book_id` = 1[0m
  [1m[35mLibrary Load (0.2ms)[0m  SELECT  `libraries`.* FROM `libraries`  ORDER BY `libraries`.`id` DESC LIMIT 1
  [1m[36mLibrary Load (0.1ms)[0m  [1mSELECT  `libraries`.* FROM `libraries`  ORDER BY `libraries`.`id` DESC LIMIT 1[0m
  [1m[35mLibrary Load (0.2ms)[0m  SELECT  `libraries`.* FROM `libraries`  ORDER BY `libraries`.`id` DESC LIMIT 1
  [1m[36mLibrary Load (0.4ms)[0m  [1mSELECT  `libraries`.* FROM `libraries`  ORDER BY `libraries`.`id` DESC LIMIT 1[0m
  [1m[35mLibrary Load (1.0ms)[0m  SELECT  `libraries`.* FROM `libraries`  ORDER BY `libraries`.`id` DESC LIMIT 1
  [1m[36mBook Load (0.4ms)[0m  [1mSELECT `books`.* FROM `books` WHERE `books`.`library_id` = 2[0m
  [1m[35mLibrary Load (1.0ms)[0m  SELECT  `libraries`.* FROM `libraries`  ORDER BY `libraries`.`id` DESC LIMIT 1
  [1m[36mBook Load (0.5ms)[0m  [1mSELECT `books`.* FROM `books` WHERE `books`.`library_id` = 2[0m
  [1m[35mLibrary Load (0.2ms)[0m  SELECT  `libraries`.* FROM `libraries`  ORDER BY `libraries`.`id` DESC LIMIT 1
  [1m[36mLibrary Load (0.3ms)[0m  [1mSELECT  `libraries`.* FROM `libraries`  ORDER BY `libraries`.`id` DESC LIMIT 1[0m
  [1m[35mLibrary Load (0.2ms)[0m  SELECT  `libraries`.* FROM `libraries`  ORDER BY `libraries`.`id` DESC LIMIT 1
  [1m[36mLibrary Load (0.2ms)[0m  [1mSELECT  `libraries`.* FROM `libraries`  ORDER BY `libraries`.`id` DESC LIMIT 1[0m
  [1m[35mBook Load (0.2ms)[0m  SELECT  `books`.* FROM `books`  ORDER BY `books`.`id` DESC LIMIT 1
  [1m[36mBook Load (0.3ms)[0m  [1mSELECT  `books`.* FROM `books`  ORDER BY `books`.`id` DESC LIMIT 1[0m
  [1m[35mBook Load (0.3ms)[0m  SELECT  `books`.* FROM `books`  ORDER BY `books`.`id` DESC LIMIT 1
  [1m[36mLibrary Load (0.3ms)[0m  [1mSELECT `libraries`.* FROM `libraries` INNER JOIN `collections` ON `libraries`.`id` = `collections`.`library_id` WHERE `collections`.`book_id` = 1[0m
  [1m[35mLibrary Load (0.4ms)[0m  SELECT  `libraries`.* FROM `libraries`  ORDER BY `libraries`.`id` DESC LIMIT 1
  [1m[36mLibrary Load (0.3ms)[0m  [1mSELECT  `libraries`.* FROM `libraries`  ORDER BY `libraries`.`id` DESC LIMIT 1[0m
  [1m[35mLibrary Load (0.4ms)[0m  SELECT  `libraries`.* FROM `libraries`  ORDER BY `libraries`.`id` DESC LIMIT 1
  [1m[36mLibrary Load (0.2ms)[0m  [1mSELECT  `libraries`.* FROM `libraries`  ORDER BY `libraries`.`id` DESC LIMIT 1[0m
  [1m[35mBook Load (0.2ms)[0m  SELECT  `books`.* FROM `books`  ORDER BY `books`.`id` DESC LIMIT 1
  [1m[36mLibrary Load (0.3ms)[0m  [1mSELECT `libraries`.* FROM `libraries` INNER JOIN `collections` ON `libraries`.`id` = `collections`.`library_id` WHERE `collections`.`book_id` = 1[0m
  [1m[35mAuthor Load (0.2ms)[0m  SELECT  `authors`.* FROM `authors`  ORDER BY `authors`.`id` DESC LIMIT 1
  [1m[36mBook Load (3.2ms)[0m  [1mSELECT `books`.* FROM `books` INNER JOIN `author_books` ON `books`.`id` = `author_books`.`book_id` WHERE `author_books`.`author_id` = 1[0m
  [1m[35mBook Load (0.5ms)[0m  SELECT  `books`.* FROM `books`  ORDER BY `books`.`id` DESC LIMIT 1
  [1m[36mAuthor Load (0.6ms)[0m  [1mSELECT `authors`.* FROM `authors` INNER JOIN `author_books` ON `authors`.`id` = `author_books`.`author_id` WHERE `author_books`.`book_id` = 1[0m
  [1m[35mLibrary Load (0.2ms)[0m  SELECT  `libraries`.* FROM `libraries`  ORDER BY `libraries`.`id` DESC LIMIT 1
  [1m[36mBook Load (0.2ms)[0m  [1mSELECT `books`.* FROM `books` INNER JOIN `collections` ON `books`.`id` = `collections`.`book_id` WHERE `collections`.`library_id` = 2[0m
